{"meta": {"format": 3, "version": "7.10.0", "timestamp": "2025-09-12T15:06:40.226549", "branch_coverage": false, "show_contexts": false}, "files": {"src/__init__.py": {"executed_lines": [1, 7], "summary": {"covered_lines": 1, "num_statements": 1, "percent_covered": 100.0, "percent_covered_display": "100", "missing_lines": 0, "excluded_lines": 0}, "missing_lines": [], "excluded_lines": [], "functions": {"": {"executed_lines": [1, 7], "summary": {"covered_lines": 1, "num_statements": 1, "percent_covered": 100.0, "percent_covered_display": "100", "missing_lines": 0, "excluded_lines": 0}, "missing_lines": [], "excluded_lines": []}}, "classes": {"": {"executed_lines": [1, 7], "summary": {"covered_lines": 1, "num_statements": 1, "percent_covered": 100.0, "percent_covered_display": "100", "missing_lines": 0, "excluded_lines": 0}, "missing_lines": [], "excluded_lines": []}}}, "src/__main__.py": {"executed_lines": [1, 11, 12, 15, 24, 27, 29], "summary": {"covered_lines": 6, "num_statements": 6, "percent_covered": 100.0, "percent_covered_display": "100", "missing_lines": 0, "excluded_lines": 0}, "missing_lines": [], "excluded_lines": [], "functions": {"main": {"executed_lines": [24], "summary": {"covered_lines": 1, "num_statements": 1, "percent_covered": 100.0, "percent_covered_display": "100", "missing_lines": 0, "excluded_lines": 0}, "missing_lines": [], "excluded_lines": []}, "": {"executed_lines": [1, 11, 12, 15, 27, 29], "summary": {"covered_lines": 5, "num_statements": 5, "percent_covered": 100.0, "percent_covered_display": "100", "missing_lines": 0, "excluded_lines": 0}, "missing_lines": [], "excluded_lines": []}}, "classes": {"": {"executed_lines": [1, 11, 12, 15, 24, 27, 29], "summary": {"covered_lines": 6, "num_statements": 6, "percent_covered": 100.0, "percent_covered_display": "100", "missing_lines": 0, "excluded_lines": 0}, "missing_lines": [], "excluded_lines": []}}}, "src/cli/__init__.py": {"executed_lines": [1, 3, 5], "summary": {"covered_lines": 2, "num_statements": 2, "percent_covered": 100.0, "percent_covered_display": "100", "missing_lines": 0, "excluded_lines": 0}, "missing_lines": [], "excluded_lines": [], "functions": {"": {"executed_lines": [1, 3, 5], "summary": {"covered_lines": 2, "num_statements": 2, "percent_covered": 100.0, "percent_covered_display": "100", "missing_lines": 0, "excluded_lines": 0}, "missing_lines": [], "excluded_lines": []}}, "classes": {"": {"executed_lines": [1, 3, 5], "summary": {"covered_lines": 2, "num_statements": 2, "percent_covered": 100.0, "percent_covered_display": "100", "missing_lines": 0, "excluded_lines": 0}, "missing_lines": [], "excluded_lines": []}}}, "src/cli/commands/__init__.py": {"executed_lines": [1], "summary": {"covered_lines": 0, "num_statements": 0, "percent_covered": 100.0, "percent_covered_display": "100", "missing_lines": 0, "excluded_lines": 0}, "missing_lines": [], "excluded_lines": [], "functions": {"": {"executed_lines": [1], "summary": {"covered_lines": 0, "num_statements": 0, "percent_covered": 100.0, "percent_covered_display": "100", "missing_lines": 0, "excluded_lines": 0}, "missing_lines": [], "excluded_lines": []}}, "classes": {"": {"executed_lines": [1], "summary": {"covered_lines": 0, "num_statements": 0, "percent_covered": 100.0, "percent_covered_display": "100", "missing_lines": 0, "excluded_lines": 0}, "missing_lines": [], "excluded_lines": []}}}, "src/cli/commands/get_config_command.py": {"executed_lines": [1, 5, 6, 7, 8, 9, 11, 14, 32, 34, 35, 38, 41, 42, 45, 47, 50, 51, 52, 55, 64, 65, 66, 69, 90], "summary": {"covered_lines": 24, "num_statements": 26, "percent_covered": 92.3076923076923, "percent_covered_display": "92", "missing_lines": 2, "excluded_lines": 0}, "missing_lines": [48, 49], "excluded_lines": [], "functions": {"get_config_command": {"executed_lines": [32, 34, 35, 38, 41, 42, 45, 47, 50, 51, 52], "summary": {"covered_lines": 11, "num_statements": 13, "percent_covered": 84.61538461538461, "percent_covered_display": "85", "missing_lines": 2, "excluded_lines": 0}, "missing_lines": [48, 49], "excluded_lines": []}, "_show_completion_message": {"executed_lines": [64, 65, 66, 69, 90], "summary": {"covered_lines": 5, "num_statements": 5, "percent_covered": 100.0, "percent_covered_display": "100", "missing_lines": 0, "excluded_lines": 0}, "missing_lines": [], "excluded_lines": []}, "": {"executed_lines": [1, 5, 6, 7, 8, 9, 11, 14, 55], "summary": {"covered_lines": 8, "num_statements": 8, "percent_covered": 100.0, "percent_covered_display": "100", "missing_lines": 0, "excluded_lines": 0}, "missing_lines": [], "excluded_lines": []}}, "classes": {"": {"executed_lines": [1, 5, 6, 7, 8, 9, 11, 14, 32, 34, 35, 38, 41, 42, 45, 47, 50, 51, 52, 55, 64, 65, 66, 69, 90], "summary": {"covered_lines": 24, "num_statements": 26, "percent_covered": 92.3076923076923, "percent_covered_display": "92", "missing_lines": 2, "excluded_lines": 0}, "missing_lines": [48, 49], "excluded_lines": []}}}, "src/cli/commands/get_recipe_command.py": {"executed_lines": [1, 5, 6, 7, 8, 10, 13, 79], "summary": {"covered_lines": 7, "num_statements": 34, "percent_covered": 20.58823529411765, "percent_covered_display": "21", "missing_lines": 27, "excluded_lines": 0}, "missing_lines": [34, 35, 37, 39, 41, 51, 54, 55, 58, 59, 62, 64, 65, 66, 67, 68, 69, 70, 71, 72, 73, 74, 75, 76, 87, 115, 121], "excluded_lines": [], "functions": {"get_recipe_command": {"executed_lines": [], "summary": {"covered_lines": 0, "num_statements": 24, "percent_covered": 0.0, "percent_covered_display": "0", "missing_lines": 24, "excluded_lines": 0}, "missing_lines": [34, 35, 37, 39, 41, 51, 54, 55, 58, 59, 62, 64, 65, 66, 67, 68, 69, 70, 71, 72, 73, 74, 75, 76], "excluded_lines": []}, "_show_success_message": {"executed_lines": [], "summary": {"covered_lines": 0, "num_statements": 3, "percent_covered": 0.0, "percent_covered_display": "0", "missing_lines": 3, "excluded_lines": 0}, "missing_lines": [87, 115, 121], "excluded_lines": []}, "": {"executed_lines": [1, 5, 6, 7, 8, 10, 13, 79], "summary": {"covered_lines": 7, "num_statements": 7, "percent_covered": 100.0, "percent_covered_display": "100", "missing_lines": 0, "excluded_lines": 0}, "missing_lines": [], "excluded_lines": []}}, "classes": {"": {"executed_lines": [1, 5, 6, 7, 8, 10, 13, 79], "summary": {"covered_lines": 7, "num_statements": 34, "percent_covered": 20.58823529411765, "percent_covered_display": "21", "missing_lines": 27, "excluded_lines": 0}, "missing_lines": [34, 35, 37, 39, 41, 51, 54, 55, 58, 59, 62, 64, 65, 66, 67, 68, 69, 70, 71, 72, 73, 74, 75, 76, 87, 115, 121], "excluded_lines": []}}}, "src/cli/commands/inference_command.py": {"executed_lines": [1, 7, 8, 9, 10, 11, 13, 14, 15, 16, 19, 56, 58, 63, 64, 65, 68, 69, 70, 73, 80, 82, 83, 84, 85, 86, 87], "summary": {"covered_lines": 26, "num_statements": 29, "percent_covered": 89.65517241379311, "percent_covered_display": "90", "missing_lines": 3, "excluded_lines": 0}, "missing_lines": [88, 89, 90], "excluded_lines": [], "functions": {"batch_inference_command": {"executed_lines": [56, 58, 63, 64, 65, 68, 69, 70, 73, 80, 82, 83, 84, 85, 86, 87], "summary": {"covered_lines": 16, "num_statements": 19, "percent_covered": 84.21052631578948, "percent_covered_display": "84", "missing_lines": 3, "excluded_lines": 0}, "missing_lines": [88, 89, 90], "excluded_lines": []}, "": {"executed_lines": [1, 7, 8, 9, 10, 11, 13, 14, 15, 16, 19], "summary": {"covered_lines": 10, "num_statements": 10, "percent_covered": 100.0, "percent_covered_display": "100", "missing_lines": 0, "excluded_lines": 0}, "missing_lines": [], "excluded_lines": []}}, "classes": {"": {"executed_lines": [1, 7, 8, 9, 10, 11, 13, 14, 15, 16, 19, 56, 58, 63, 64, 65, 68, 69, 70, 73, 80, 82, 83, 84, 85, 86, 87], "summary": {"covered_lines": 26, "num_statements": 29, "percent_covered": 89.65517241379311, "percent_covered_display": "90", "missing_lines": 3, "excluded_lines": 0}, "missing_lines": [88, 89, 90], "excluded_lines": []}}}, "src/cli/commands/init_command.py": {"executed_lines": [1, 5, 6, 7, 8, 9, 11, 12, 15, 30, 31, 33, 35, 36, 42, 45, 51, 52, 55, 56, 59, 68, 71, 72, 73, 76, 84, 85, 86, 89, 90, 93, 99, 106, 107, 114], "summary": {"covered_lines": 35, "num_statements": 40, "percent_covered": 87.5, "percent_covered_display": "88", "missing_lines": 5, "excluded_lines": 0}, "missing_lines": [46, 47, 48, 69, 70], "excluded_lines": [], "functions": {"init_command": {"executed_lines": [30, 31, 33, 35, 36, 42, 45, 51, 52, 55, 56, 59, 68, 71, 72, 73], "summary": {"covered_lines": 16, "num_statements": 21, "percent_covered": 76.19047619047619, "percent_covered_display": "76", "missing_lines": 5, "excluded_lines": 0}, "missing_lines": [46, 47, 48, 69, 70], "excluded_lines": []}, "create_project_structure": {"executed_lines": [84, 85, 86, 89, 90, 93, 99, 106, 107, 114], "summary": {"covered_lines": 10, "num_statements": 10, "percent_covered": 100.0, "percent_covered_display": "100", "missing_lines": 0, "excluded_lines": 0}, "missing_lines": [], "excluded_lines": []}, "": {"executed_lines": [1, 5, 6, 7, 8, 9, 11, 12, 15, 76], "summary": {"covered_lines": 9, "num_statements": 9, "percent_covered": 100.0, "percent_covered_display": "100", "missing_lines": 0, "excluded_lines": 0}, "missing_lines": [], "excluded_lines": []}}, "classes": {"": {"executed_lines": [1, 5, 6, 7, 8, 9, 11, 12, 15, 30, 31, 33, 35, 36, 42, 45, 51, 52, 55, 56, 59, 68, 71, 72, 73, 76, 84, 85, 86, 89, 90, 93, 99, 106, 107, 114], "summary": {"covered_lines": 35, "num_statements": 40, "percent_covered": 87.5, "percent_covered_display": "88", "missing_lines": 5, "excluded_lines": 0}, "missing_lines": [46, 47, 48, 69, 70], "excluded_lines": []}}}, "src/cli/commands/list_commands.py": {"executed_lines": [1, 7, 8, 9, 10, 12, 13, 14, 15, 16, 17, 22, 29, 30, 31, 32, 34, 35, 38, 45, 46, 47, 48, 50, 54, 61, 62, 63, 64, 66, 70, 103, 109, 112, 113, 114, 119, 120, 121, 123, 124, 125, 126, 127, 128], "summary": {"covered_lines": 44, "num_statements": 65, "percent_covered": 67.6923076923077, "percent_covered_display": "68", "missing_lines": 21, "excluded_lines": 0}, "missing_lines": [51, 67, 77, 78, 79, 81, 84, 85, 86, 87, 90, 91, 92, 93, 94, 95, 96, 97, 98, 100, 117], "excluded_lines": [], "functions": {"list_adapters": {"executed_lines": [29, 30, 31, 32, 34, 35], "summary": {"covered_lines": 6, "num_statements": 6, "percent_covered": 100.0, "percent_covered_display": "100", "missing_lines": 0, "excluded_lines": 0}, "missing_lines": [], "excluded_lines": []}, "list_evaluators": {"executed_lines": [45, 46, 47, 48, 50], "summary": {"covered_lines": 5, "num_statements": 6, "percent_covered": 83.33333333333333, "percent_covered_display": "83", "missing_lines": 1, "excluded_lines": 0}, "missing_lines": [51], "excluded_lines": []}, "list_preprocessors": {"executed_lines": [61, 62, 63, 64, 66], "summary": {"covered_lines": 5, "num_statements": 6, "percent_covered": 83.33333333333333, "percent_covered_display": "83", "missing_lines": 1, "excluded_lines": 0}, "missing_lines": [67], "excluded_lines": []}, "_load_catalog_from_directory": {"executed_lines": [], "summary": {"covered_lines": 0, "num_statements": 18, "percent_covered": 0.0, "percent_covered_display": "0", "missing_lines": 18, "excluded_lines": 0}, "missing_lines": [77, 78, 79, 81, 84, 85, 86, 87, 90, 91, 92, 93, 94, 95, 96, 97, 98, 100], "excluded_lines": []}, "list_models": {"executed_lines": [109, 112, 113, 114, 119, 120, 121, 123, 124, 125, 126, 127, 128], "summary": {"covered_lines": 13, "num_statements": 14, "percent_covered": 92.85714285714286, "percent_covered_display": "93", "missing_lines": 1, "excluded_lines": 0}, "missing_lines": [117], "excluded_lines": []}, "": {"executed_lines": [1, 7, 8, 9, 10, 12, 13, 14, 15, 16, 17, 22, 38, 54, 70, 103], "summary": {"covered_lines": 15, "num_statements": 15, "percent_covered": 100.0, "percent_covered_display": "100", "missing_lines": 0, "excluded_lines": 0}, "missing_lines": [], "excluded_lines": []}}, "classes": {"": {"executed_lines": [1, 7, 8, 9, 10, 12, 13, 14, 15, 16, 17, 22, 29, 30, 31, 32, 34, 35, 38, 45, 46, 47, 48, 50, 54, 61, 62, 63, 64, 66, 70, 103, 109, 112, 113, 114, 119, 120, 121, 123, 124, 125, 126, 127, 128], "summary": {"covered_lines": 44, "num_statements": 65, "percent_covered": 67.6923076923077, "percent_covered_display": "68", "missing_lines": 21, "excluded_lines": 0}, "missing_lines": [51, 67, 77, 78, 79, 81, 84, 85, 86, 87, 90, 91, 92, 93, 94, 95, 96, 97, 98, 100, 117], "excluded_lines": []}}}, "src/cli/commands/serve_command.py": {"executed_lines": [1, 7, 8, 9, 11, 12, 13, 14, 17], "summary": {"covered_lines": 8, "num_statements": 26, "percent_covered": 30.76923076923077, "percent_covered_display": "31", "missing_lines": 18, "excluded_lines": 0}, "missing_lines": [59, 61, 62, 63, 66, 67, 68, 69, 72, 79, 80, 81, 82, 83, 84, 85, 86, 87], "excluded_lines": [], "functions": {"serve_api_command": {"executed_lines": [], "summary": {"covered_lines": 0, "num_statements": 18, "percent_covered": 0.0, "percent_covered_display": "0", "missing_lines": 18, "excluded_lines": 0}, "missing_lines": [59, 61, 62, 63, 66, 67, 68, 69, 72, 79, 80, 81, 82, 83, 84, 85, 86, 87], "excluded_lines": []}, "": {"executed_lines": [1, 7, 8, 9, 11, 12, 13, 14, 17], "summary": {"covered_lines": 8, "num_statements": 8, "percent_covered": 100.0, "percent_covered_display": "100", "missing_lines": 0, "excluded_lines": 0}, "missing_lines": [], "excluded_lines": []}}, "classes": {"": {"executed_lines": [1, 7, 8, 9, 11, 12, 13, 14, 17], "summary": {"covered_lines": 8, "num_statements": 26, "percent_covered": 30.76923076923077, "percent_covered_display": "31", "missing_lines": 18, "excluded_lines": 0}, "missing_lines": [59, 61, 62, 63, 66, 67, 68, 69, 72, 79, 80, 81, 82, 83, 84, 85, 86, 87], "excluded_lines": []}}}, "src/cli/commands/system_check_command.py": {"executed_lines": [1, 5, 6, 7, 8, 9, 11, 12, 13, 16], "summary": {"covered_lines": 9, "num_statements": 38, "percent_covered": 23.68421052631579, "percent_covered_display": "24", "missing_lines": 29, "excluded_lines": 0}, "missing_lines": [47, 49, 51, 52, 53, 54, 55, 58, 59, 61, 62, 63, 64, 65, 66, 68, 71, 72, 74, 77, 79, 80, 83, 85, 86, 87, 88, 89, 90], "excluded_lines": [], "functions": {"system_check_command": {"executed_lines": [], "summary": {"covered_lines": 0, "num_statements": 29, "percent_covered": 0.0, "percent_covered_display": "0", "missing_lines": 29, "excluded_lines": 0}, "missing_lines": [47, 49, 51, 52, 53, 54, 55, 58, 59, 61, 62, 63, 64, 65, 66, 68, 71, 72, 74, 77, 79, 80, 83, 85, 86, 87, 88, 89, 90], "excluded_lines": []}, "": {"executed_lines": [1, 5, 6, 7, 8, 9, 11, 12, 13, 16], "summary": {"covered_lines": 9, "num_statements": 9, "percent_covered": 100.0, "percent_covered_display": "100", "missing_lines": 0, "excluded_lines": 0}, "missing_lines": [], "excluded_lines": []}}, "classes": {"": {"executed_lines": [1, 5, 6, 7, 8, 9, 11, 12, 13, 16], "summary": {"covered_lines": 9, "num_statements": 38, "percent_covered": 23.68421052631579, "percent_covered_display": "24", "missing_lines": 29, "excluded_lines": 0}, "missing_lines": [47, 49, 51, 52, 53, 54, 55, 58, 59, 61, 62, 63, 64, 65, 66, 68, 71, 72, 74, 77, 79, 80, 83, 85, 86, 87, 88, 89, 90], "excluded_lines": []}}}, "src/cli/commands/train_command.py": {"executed_lines": [1, 7, 8, 9, 10, 11, 13, 14, 15, 16, 19, 60, 62, 65, 66, 69, 72, 74, 75, 77, 78, 79, 80, 81, 82, 83, 84, 95, 98, 101, 102, 103, 104, 105, 106, 109, 112, 114, 116, 117, 118, 119, 120, 121], "summary": {"covered_lines": 43, "num_statements": 53, "percent_covered": 81.13207547169812, "percent_covered_display": "81", "missing_lines": 10, "excluded_lines": 0}, "missing_lines": [70, 85, 86, 87, 90, 92, 110, 122, 123, 124], "excluded_lines": [], "functions": {"train_command": {"executed_lines": [60, 62, 65, 66, 69, 72, 74, 75, 77, 78, 79, 80, 81, 82, 83, 84, 95, 98, 101, 102, 103, 104, 105, 106, 109, 112, 114, 116, 117, 118, 119, 120, 121], "summary": {"covered_lines": 33, "num_statements": 43, "percent_covered": 76.74418604651163, "percent_covered_display": "77", "missing_lines": 10, "excluded_lines": 0}, "missing_lines": [70, 85, 86, 87, 90, 92, 110, 122, 123, 124], "excluded_lines": []}, "": {"executed_lines": [1, 7, 8, 9, 10, 11, 13, 14, 15, 16, 19], "summary": {"covered_lines": 10, "num_statements": 10, "percent_covered": 100.0, "percent_covered_display": "100", "missing_lines": 0, "excluded_lines": 0}, "missing_lines": [], "excluded_lines": []}}, "classes": {"": {"executed_lines": [1, 7, 8, 9, 10, 11, 13, 14, 15, 16, 19, 60, 62, 65, 66, 69, 72, 74, 75, 77, 78, 79, 80, 81, 82, 83, 84, 95, 98, 101, 102, 103, 104, 105, 106, 109, 112, 114, 116, 117, 118, 119, 120, 121], "summary": {"covered_lines": 43, "num_statements": 53, "percent_covered": 81.13207547169812, "percent_covered_display": "81", "missing_lines": 10, "excluded_lines": 0}, "missing_lines": [70, 85, 86, 87, 90, 92, 110, 122, 123, 124], "excluded_lines": []}}}, "src/cli/main_commands.py": {"executed_lines": [1, 7, 8, 9, 10, 11, 12, 15, 16, 17, 18, 19, 20, 21, 24, 32, 41, 43, 49, 56, 57, 58, 59, 60, 61, 62, 63, 70, 81, 90, 100, 101, 102, 103, 106, 107, 121, 128, 129, 130, 131, 138, 139, 140, 147, 149, 150, 151, 152, 154, 157], "summary": {"covered_lines": 50, "num_statements": 57, "percent_covered": 87.71929824561404, "percent_covered_display": "88", "missing_lines": 7, "excluded_lines": 0}, "missing_lines": [45, 46, 47, 64, 65, 66, 158], "excluded_lines": [], "functions": {"show_banner": {"executed_lines": [], "summary": {"covered_lines": 0, "num_statements": 3, "percent_covered": 0.0, "percent_covered_display": "0", "missing_lines": 3, "excluded_lines": 0}, "missing_lines": [45, 46, 47], "excluded_lines": []}, "_get_version": {"executed_lines": [56, 57, 58, 59, 60, 61, 62, 63], "summary": {"covered_lines": 8, "num_statements": 11, "percent_covered": 72.72727272727273, "percent_covered_display": "73", "missing_lines": 3, "excluded_lines": 0}, "missing_lines": [64, 65, 66], "excluded_lines": []}, "version_callback": {"executed_lines": [100, 101, 102, 103], "summary": {"covered_lines": 4, "num_statements": 4, "percent_covered": 100.0, "percent_covered_display": "100", "missing_lines": 0, "excluded_lines": 0}, "missing_lines": [], "excluded_lines": []}, "main": {"executed_lines": [121], "summary": {"covered_lines": 1, "num_statements": 1, "percent_covered": 100.0, "percent_covered_display": "100", "missing_lines": 0, "excluded_lines": 0}, "missing_lines": [], "excluded_lines": []}, "": {"executed_lines": [1, 7, 8, 9, 10, 11, 12, 15, 16, 17, 18, 19, 20, 21, 24, 32, 41, 43, 49, 70, 81, 90, 106, 107, 128, 129, 130, 131, 138, 139, 140, 147, 149, 150, 151, 152, 154, 157], "summary": {"covered_lines": 37, "num_statements": 38, "percent_covered": 97.36842105263158, "percent_covered_display": "97", "missing_lines": 1, "excluded_lines": 0}, "missing_lines": [158], "excluded_lines": []}}, "classes": {"": {"executed_lines": [1, 7, 8, 9, 10, 11, 12, 15, 16, 17, 18, 19, 20, 21, 24, 32, 41, 43, 49, 56, 57, 58, 59, 60, 61, 62, 63, 70, 81, 90, 100, 101, 102, 103, 106, 107, 121, 128, 129, 130, 131, 138, 139, 140, 147, 149, 150, 151, 152, 154, 157], "summary": {"covered_lines": 50, "num_statements": 57, "percent_covered": 87.71929824561404, "percent_covered_display": "88", "missing_lines": 7, "excluded_lines": 0}, "missing_lines": [45, 46, 47, 64, 65, 66, 158], "excluded_lines": []}}}, "src/cli/utils/__init__.py": {"executed_lines": [1, 6, 7, 8, 9, 10, 12], "summary": {"covered_lines": 6, "num_statements": 6, "percent_covered": 100.0, "percent_covered_display": "100", "missing_lines": 0, "excluded_lines": 0}, "missing_lines": [], "excluded_lines": [], "functions": {"": {"executed_lines": [1, 6, 7, 8, 9, 10, 12], "summary": {"covered_lines": 6, "num_statements": 6, "percent_covered": 100.0, "percent_covered_display": "100", "missing_lines": 0, "excluded_lines": 0}, "missing_lines": [], "excluded_lines": []}}, "classes": {"": {"executed_lines": [1, 6, 7, 8, 9, 10, 12], "summary": {"covered_lines": 6, "num_statements": 6, "percent_covered": 100.0, "percent_covered_display": "100", "missing_lines": 0, "excluded_lines": 0}, "missing_lines": [], "excluded_lines": []}}}, "src/cli/utils/config_builder.py": {"executed_lines": [1, 11, 12, 13, 15, 16, 19, 20, 25, 31, 178, 196, 224, 245, 275], "summary": {"covered_lines": 13, "num_statements": 144, "percent_covered": 9.027777777777779, "percent_covered_display": "9", "missing_lines": 131, "excluded_lines": 0}, "missing_lines": [27, 28, 29, 41, 44, 45, 50, 52, 55, 56, 57, 59, 61, 65, 67, 70, 71, 79, 83, 87, 90, 91, 96, 100, 103, 105, 109, 112, 115, 116, 117, 120, 125, 126, 130, 132, 134, 137, 139, 140, 146, 150, 153, 156, 158, 159, 160, 161, 165, 167, 170, 172, 173, 174, 176, 185, 194, 208, 211, 212, 213, 216, 222, 235, 238, 241, 243, 255, 256, 259, 260, 263, 266, 267, 270, 271, 273, 285, 292, 293, 306, 308, 309, 319, 320, 328, 329, 338, 339, 347, 348, 355, 357, 358, 365, 366, 367, 372, 373, 379, 386, 387, 394, 395, 396, 403, 404, 411, 418, 420, 421, 428, 429, 436, 437, 444, 445, 454, 455, 459, 460, 461, 462, 466, 467, 476, 477, 485, 486, 492, 500], "excluded_lines": [], "functions": {"InteractiveConfigBuilder.__init__": {"executed_lines": [], "summary": {"covered_lines": 0, "num_statements": 3, "percent_covered": 0.0, "percent_covered_display": "0", "missing_lines": 3, "excluded_lines": 0}, "missing_lines": [27, 28, 29], "excluded_lines": []}, "InteractiveConfigBuilder.run_interactive_flow": {"executed_lines": [], "summary": {"covered_lines": 0, "num_statements": 52, "percent_covered": 0.0, "percent_covered_display": "0", "missing_lines": 52, "excluded_lines": 0}, "missing_lines": [41, 44, 45, 50, 52, 55, 56, 57, 59, 61, 65, 67, 70, 71, 79, 83, 87, 90, 91, 96, 100, 103, 105, 109, 112, 115, 116, 117, 120, 125, 126, 130, 132, 134, 137, 139, 140, 146, 150, 153, 156, 158, 159, 160, 161, 165, 167, 170, 172, 173, 174, 176], "excluded_lines": []}, "InteractiveConfigBuilder._show_selections_summary": {"executed_lines": [], "summary": {"covered_lines": 0, "num_statements": 2, "percent_covered": 0.0, "percent_covered_display": "0", "missing_lines": 2, "excluded_lines": 0}, "missing_lines": [185, 194], "excluded_lines": []}, "InteractiveConfigBuilder.generate_config_file": {"executed_lines": [], "summary": {"covered_lines": 0, "num_statements": 6, "percent_covered": 0.0, "percent_covered_display": "0", "missing_lines": 6, "excluded_lines": 0}, "missing_lines": [208, 211, 212, 213, 216, 222], "excluded_lines": []}, "InteractiveConfigBuilder.generate_env_template": {"executed_lines": [], "summary": {"covered_lines": 0, "num_statements": 4, "percent_covered": 0.0, "percent_covered_display": "0", "missing_lines": 4, "excluded_lines": 0}, "missing_lines": [235, 238, 241, 243], "excluded_lines": []}, "InteractiveConfigBuilder._prepare_template_context": {"executed_lines": [], "summary": {"covered_lines": 0, "num_statements": 10, "percent_covered": 0.0, "percent_covered_display": "0", "missing_lines": 10, "excluded_lines": 0}, "missing_lines": [255, 256, 259, 260, 263, 266, 267, 270, 271, 273], "excluded_lines": []}, "InteractiveConfigBuilder._generate_env_template_content": {"executed_lines": [], "summary": {"covered_lines": 0, "num_statements": 54, "percent_covered": 0.0, "percent_covered_display": "0", "missing_lines": 54, "excluded_lines": 0}, "missing_lines": [285, 292, 293, 306, 308, 309, 319, 320, 328, 329, 338, 339, 347, 348, 355, 357, 358, 365, 366, 367, 372, 373, 379, 386, 387, 394, 395, 396, 403, 404, 411, 418, 420, 421, 428, 429, 436, 437, 444, 445, 454, 455, 459, 460, 461, 462, 466, 467, 476, 477, 485, 486, 492, 500], "excluded_lines": []}, "": {"executed_lines": [1, 11, 12, 13, 15, 16, 19, 20, 25, 31, 178, 196, 224, 245, 275], "summary": {"covered_lines": 13, "num_statements": 13, "percent_covered": 100.0, "percent_covered_display": "100", "missing_lines": 0, "excluded_lines": 0}, "missing_lines": [], "excluded_lines": []}}, "classes": {"InteractiveConfigBuilder": {"executed_lines": [], "summary": {"covered_lines": 0, "num_statements": 131, "percent_covered": 0.0, "percent_covered_display": "0", "missing_lines": 131, "excluded_lines": 0}, "missing_lines": [27, 28, 29, 41, 44, 45, 50, 52, 55, 56, 57, 59, 61, 65, 67, 70, 71, 79, 83, 87, 90, 91, 96, 100, 103, 105, 109, 112, 115, 116, 117, 120, 125, 126, 130, 132, 134, 137, 139, 140, 146, 150, 153, 156, 158, 159, 160, 161, 165, 167, 170, 172, 173, 174, 176, 185, 194, 208, 211, 212, 213, 216, 222, 235, 238, 241, 243, 255, 256, 259, 260, 263, 266, 267, 270, 271, 273, 285, 292, 293, 306, 308, 309, 319, 320, 328, 329, 338, 339, 347, 348, 355, 357, 358, 365, 366, 367, 372, 373, 379, 386, 387, 394, 395, 396, 403, 404, 411, 418, 420, 421, 428, 429, 436, 437, 444, 445, 454, 455, 459, 460, 461, 462, 466, 467, 476, 477, 485, 486, 492, 500], "excluded_lines": []}, "": {"executed_lines": [1, 11, 12, 13, 15, 16, 19, 20, 25, 31, 178, 196, 224, 245, 275], "summary": {"covered_lines": 13, "num_statements": 13, "percent_covered": 100.0, "percent_covered_display": "100", "missing_lines": 0, "excluded_lines": 0}, "missing_lines": [], "excluded_lines": []}}}, "src/cli/utils/config_loader.py": {"executed_lines": [1, 11, 12, 13, 14, 15, 16, 18, 21, 32, 33, 35, 36, 44, 45, 46, 49, 63, 66, 67, 68, 70, 76, 87, 89, 92, 94, 96, 97, 98, 99, 101, 104, 105, 106, 107, 108, 109, 110, 111, 112, 116, 124, 126, 127, 129, 130, 132, 135, 147, 150, 151, 152], "summary": {"covered_lines": 52, "num_statements": 61, "percent_covered": 85.24590163934427, "percent_covered_display": "85", "missing_lines": 9, "excluded_lines": 0}, "missing_lines": [113, 117, 118, 119, 120, 122, 155, 157, 158], "excluded_lines": [], "functions": {"load_environment": {"executed_lines": [32, 33, 35, 36, 44, 45, 46], "summary": {"covered_lines": 7, "num_statements": 7, "percent_covered": 100.0, "percent_covered_display": "100", "missing_lines": 0, "excluded_lines": 0}, "missing_lines": [], "excluded_lines": []}, "get_config_path": {"executed_lines": [63, 66, 67, 68, 70], "summary": {"covered_lines": 5, "num_statements": 5, "percent_covered": 100.0, "percent_covered_display": "100", "missing_lines": 0, "excluded_lines": 0}, "missing_lines": [], "excluded_lines": []}, "resolve_env_variables": {"executed_lines": [87, 89, 92, 94, 96, 97, 98, 99, 101, 104, 105, 106, 107, 108, 109, 110, 111, 112, 116, 124, 126, 127, 129, 130, 132], "summary": {"covered_lines": 25, "num_statements": 31, "percent_covered": 80.64516129032258, "percent_covered_display": "81", "missing_lines": 6, "excluded_lines": 0}, "missing_lines": [113, 117, 118, 119, 120, 122], "excluded_lines": []}, "load_config_with_env": {"executed_lines": [147, 150, 151, 152], "summary": {"covered_lines": 4, "num_statements": 7, "percent_covered": 57.142857142857146, "percent_covered_display": "57", "missing_lines": 3, "excluded_lines": 0}, "missing_lines": [155, 157, 158], "excluded_lines": []}, "": {"executed_lines": [1, 11, 12, 13, 14, 15, 16, 18, 21, 49, 76, 135], "summary": {"covered_lines": 11, "num_statements": 11, "percent_covered": 100.0, "percent_covered_display": "100", "missing_lines": 0, "excluded_lines": 0}, "missing_lines": [], "excluded_lines": []}}, "classes": {"": {"executed_lines": [1, 11, 12, 13, 14, 15, 16, 18, 21, 32, 33, 35, 36, 44, 45, 46, 49, 63, 66, 67, 68, 70, 76, 87, 89, 92, 94, 96, 97, 98, 99, 101, 104, 105, 106, 107, 108, 109, 110, 111, 112, 116, 124, 126, 127, 129, 130, 132, 135, 147, 150, 151, 152], "summary": {"covered_lines": 52, "num_statements": 61, "percent_covered": 85.24590163934427, "percent_covered_display": "85", "missing_lines": 9, "excluded_lines": 0}, "missing_lines": [113, 117, 118, 119, 120, 122, 155, 157, 158], "excluded_lines": []}}}, "src/cli/utils/interactive_ui.py": {"executed_lines": [1, 11, 12, 13, 14, 15, 16, 17, 18, 19, 22, 23, 28, 30, 32, 90, 113, 153, 193, 224, 240, 268, 276, 284, 292, 300, 304], "summary": {"covered_lines": 25, "num_statements": 85, "percent_covered": 29.41176470588235, "percent_covered_display": "29", "missing_lines": 60, "excluded_lines": 0}, "missing_lines": [53, 56, 58, 60, 61, 63, 64, 65, 67, 69, 72, 74, 75, 81, 82, 84, 86, 87, 88, 106, 136, 137, 145, 146, 147, 149, 151, 171, 172, 173, 180, 181, 182, 184, 185, 186, 188, 190, 191, 208, 210, 211, 213, 214, 216, 217, 218, 220, 222, 237, 238, 254, 256, 263, 274, 282, 290, 298, 302, 310], "excluded_lines": [], "functions": {"InteractiveUI.__init__": {"executed_lines": [30], "summary": {"covered_lines": 1, "num_statements": 1, "percent_covered": 100.0, "percent_covered_display": "100", "missing_lines": 0, "excluded_lines": 0}, "missing_lines": [], "excluded_lines": []}, "InteractiveUI.select_from_list": {"executed_lines": [], "summary": {"covered_lines": 0, "num_statements": 19, "percent_covered": 0.0, "percent_covered_display": "0", "missing_lines": 19, "excluded_lines": 0}, "missing_lines": [53, 56, 58, 60, 61, 63, 64, 65, 67, 69, 72, 74, 75, 81, 82, 84, 86, 87, 88], "excluded_lines": []}, "InteractiveUI.confirm": {"executed_lines": [], "summary": {"covered_lines": 0, "num_statements": 1, "percent_covered": 0.0, "percent_covered_display": "0", "missing_lines": 1, "excluded_lines": 0}, "missing_lines": [106], "excluded_lines": []}, "InteractiveUI.text_input": {"executed_lines": [], "summary": {"covered_lines": 0, "num_statements": 7, "percent_covered": 0.0, "percent_covered_display": "0", "missing_lines": 7, "excluded_lines": 0}, "missing_lines": [136, 137, 145, 146, 147, 149, 151], "excluded_lines": []}, "InteractiveUI.number_input": {"executed_lines": [], "summary": {"covered_lines": 0, "num_statements": 12, "percent_covered": 0.0, "percent_covered_display": "0", "missing_lines": 12, "excluded_lines": 0}, "missing_lines": [171, 172, 173, 180, 181, 182, 184, 185, 186, 188, 190, 191], "excluded_lines": []}, "InteractiveUI.show_table": {"executed_lines": [], "summary": {"covered_lines": 0, "num_statements": 10, "percent_covered": 0.0, "percent_covered_display": "0", "missing_lines": 10, "excluded_lines": 0}, "missing_lines": [208, 210, 211, 213, 214, 216, 217, 218, 220, 222], "excluded_lines": []}, "InteractiveUI.show_panel": {"executed_lines": [], "summary": {"covered_lines": 0, "num_statements": 2, "percent_covered": 0.0, "percent_covered_display": "0", "missing_lines": 2, "excluded_lines": 0}, "missing_lines": [237, 238], "excluded_lines": []}, "InteractiveUI.show_progress": {"executed_lines": [], "summary": {"covered_lines": 0, "num_statements": 3, "percent_covered": 0.0, "percent_covered_display": "0", "missing_lines": 3, "excluded_lines": 0}, "missing_lines": [254, 256, 263], "excluded_lines": []}, "InteractiveUI.show_success": {"executed_lines": [], "summary": {"covered_lines": 0, "num_statements": 1, "percent_covered": 0.0, "percent_covered_display": "0", "missing_lines": 1, "excluded_lines": 0}, "missing_lines": [274], "excluded_lines": []}, "InteractiveUI.show_error": {"executed_lines": [], "summary": {"covered_lines": 0, "num_statements": 1, "percent_covered": 0.0, "percent_covered_display": "0", "missing_lines": 1, "excluded_lines": 0}, "missing_lines": [282], "excluded_lines": []}, "InteractiveUI.show_warning": {"executed_lines": [], "summary": {"covered_lines": 0, "num_statements": 1, "percent_covered": 0.0, "percent_covered_display": "0", "missing_lines": 1, "excluded_lines": 0}, "missing_lines": [290], "excluded_lines": []}, "InteractiveUI.show_info": {"executed_lines": [], "summary": {"covered_lines": 0, "num_statements": 1, "percent_covered": 0.0, "percent_covered_display": "0", "missing_lines": 1, "excluded_lines": 0}, "missing_lines": [298], "excluded_lines": []}, "InteractiveUI.clear_screen": {"executed_lines": [], "summary": {"covered_lines": 0, "num_statements": 1, "percent_covered": 0.0, "percent_covered_display": "0", "missing_lines": 1, "excluded_lines": 0}, "missing_lines": [302], "excluded_lines": []}, "InteractiveUI.print_divider": {"executed_lines": [], "summary": {"covered_lines": 0, "num_statements": 1, "percent_covered": 0.0, "percent_covered_display": "0", "missing_lines": 1, "excluded_lines": 0}, "missing_lines": [310], "excluded_lines": []}, "": {"executed_lines": [1, 11, 12, 13, 14, 15, 16, 17, 18, 19, 22, 23, 28, 32, 90, 113, 153, 193, 224, 240, 268, 276, 284, 292, 300, 304], "summary": {"covered_lines": 24, "num_statements": 24, "percent_covered": 100.0, "percent_covered_display": "100", "missing_lines": 0, "excluded_lines": 0}, "missing_lines": [], "excluded_lines": []}}, "classes": {"InteractiveUI": {"executed_lines": [30], "summary": {"covered_lines": 1, "num_statements": 61, "percent_covered": 1.639344262295082, "percent_covered_display": "2", "missing_lines": 60, "excluded_lines": 0}, "missing_lines": [53, 56, 58, 60, 61, 63, 64, 65, 67, 69, 72, 74, 75, 81, 82, 84, 86, 87, 88, 106, 136, 137, 145, 146, 147, 149, 151, 171, 172, 173, 180, 181, 182, 184, 185, 186, 188, 190, 191, 208, 210, 211, 213, 214, 216, 217, 218, 220, 222, 237, 238, 254, 256, 263, 274, 282, 290, 298, 302, 310], "excluded_lines": []}, "": {"executed_lines": [1, 11, 12, 13, 14, 15, 16, 17, 18, 19, 22, 23, 28, 32, 90, 113, 153, 193, 224, 240, 268, 276, 284, 292, 300, 304], "summary": {"covered_lines": 24, "num_statements": 24, "percent_covered": 100.0, "percent_covered_display": "100", "missing_lines": 0, "excluded_lines": 0}, "missing_lines": [], "excluded_lines": []}}}, "src/cli/utils/recipe_builder.py": {"executed_lines": [1, 11, 12, 13, 14, 16, 17, 18, 21, 22, 28, 30, 31, 32, 33, 35, 45, 61, 68, 71, 75, 77, 80, 81, 83, 87, 91, 93, 96, 97, 99, 104, 105, 106, 107, 115, 116, 120, 123, 124, 130, 133, 134, 135, 138, 141, 143, 146, 149, 154, 155, 165, 168, 169, 171, 176, 232, 233, 234, 237, 241, 244, 252, 255, 256, 257, 258, 259, 264, 269, 270, 274, 275, 278, 279, 285, 288, 291, 312, 315, 316, 317, 426, 428, 431, 434, 435, 436, 441, 444, 449, 455, 458, 463, 465, 501, 502, 504, 507, 509, 510, 512, 514, 515, 517, 521, 548, 555, 558, 559, 560, 561, 563, 565, 575, 576, 579, 581, 591, 592, 594, 671, 679, 680, 687, 688, 691, 702], "summary": {"covered_lines": 126, "num_statements": 262, "percent_covered": 48.091603053435115, "percent_covered_display": "48", "missing_lines": 136, "excluded_lines": 0}, "missing_lines": [40, 43, 47, 59, 84, 85, 100, 101, 160, 177, 180, 181, 182, 187, 190, 191, 193, 194, 198, 199, 202, 208, 212, 214, 219, 221, 223, 230, 245, 246, 250, 266, 320, 322, 323, 324, 325, 326, 330, 331, 332, 333, 335, 337, 340, 341, 343, 346, 347, 348, 352, 353, 355, 358, 359, 360, 361, 362, 363, 365, 374, 376, 378, 379, 384, 385, 387, 390, 391, 392, 396, 397, 399, 402, 403, 407, 410, 414, 415, 417, 424, 437, 438, 439, 466, 467, 470, 471, 474, 476, 481, 484, 486, 492, 498, 499, 513, 519, 532, 535, 536, 537, 540, 546, 556, 577, 604, 627, 628, 631, 633, 634, 635, 636, 639, 640, 643, 644, 645, 651, 654, 655, 658, 659, 660, 661, 662, 663, 665, 667, 669, 681, 682, 683, 684, 689], "excluded_lines": [], "functions": {"RecipeBuilder.__init__": {"executed_lines": [30, 31, 32, 33], "summary": {"covered_lines": 4, "num_statements": 4, "percent_covered": 100.0, "percent_covered_display": "100", "missing_lines": 0, "excluded_lines": 0}, "missing_lines": [], "excluded_lines": []}, "RecipeBuilder._is_global_preprocessor": {"executed_lines": [], "summary": {"covered_lines": 0, "num_statements": 2, "percent_covered": 0.0, "percent_covered_display": "0", "missing_lines": 2, "excluded_lines": 0}, "missing_lines": [40, 43], "excluded_lines": []}, "RecipeBuilder._get_columns_hint": {"executed_lines": [], "summary": {"covered_lines": 0, "num_statements": 2, "percent_covered": 0.0, "percent_covered_display": "0", "missing_lines": 2, "excluded_lines": 0}, "missing_lines": [47, 59], "excluded_lines": []}, "RecipeBuilder.run_interactive_flow": {"executed_lines": [68, 71, 75, 77, 80, 81, 83, 87, 91, 93, 96, 97, 99, 104, 105, 106, 107, 115, 116, 120, 123, 124, 130, 133, 134, 135, 138, 141, 143, 146, 149, 154, 155, 165, 168, 169, 171, 176, 232, 233, 234, 237, 241, 244, 252, 255, 256, 257, 259, 264, 269, 270, 274, 275, 278, 279, 285, 288, 291, 312, 315, 316, 317, 426, 428, 431, 434, 435, 436, 441, 444, 449, 455, 458, 463, 465, 501, 502, 504, 507, 509, 510, 512, 514, 515, 517], "summary": {"covered_lines": 86, "num_statements": 179, "percent_covered": 48.04469273743017, "percent_covered_display": "48", "missing_lines": 93, "excluded_lines": 0}, "missing_lines": [84, 85, 100, 101, 160, 177, 180, 182, 187, 190, 191, 193, 194, 198, 199, 202, 208, 212, 214, 219, 221, 223, 230, 245, 246, 250, 266, 320, 322, 323, 324, 325, 326, 330, 331, 332, 333, 335, 337, 340, 341, 343, 346, 347, 348, 352, 353, 355, 358, 359, 360, 361, 362, 363, 365, 374, 376, 378, 379, 384, 385, 387, 390, 391, 392, 396, 397, 399, 402, 403, 407, 410, 414, 415, 417, 424, 437, 438, 439, 466, 467, 470, 471, 474, 476, 481, 484, 486, 492, 498, 499, 513, 519], "excluded_lines": []}, "RecipeBuilder.run_interactive_flow._non_empty": {"executed_lines": [258], "summary": {"covered_lines": 1, "num_statements": 1, "percent_covered": 100.0, "percent_covered_display": "100", "missing_lines": 0, "excluded_lines": 0}, "missing_lines": [], "excluded_lines": []}, "RecipeBuilder.generate_recipe_file": {"executed_lines": [], "summary": {"covered_lines": 0, "num_statements": 6, "percent_covered": 0.0, "percent_covered_display": "0", "missing_lines": 6, "excluded_lines": 0}, "missing_lines": [532, 535, 536, 537, 540, 546], "excluded_lines": []}, "RecipeBuilder._get_available_tasks": {"executed_lines": [555, 558, 559, 560, 561, 563], "summary": {"covered_lines": 6, "num_statements": 7, "percent_covered": 85.71428571428571, "percent_covered_display": "86", "missing_lines": 1, "excluded_lines": 0}, "missing_lines": [556], "excluded_lines": []}, "RecipeBuilder._get_models_for_task": {"executed_lines": [575, 576, 579], "summary": {"covered_lines": 3, "num_statements": 4, "percent_covered": 75.0, "percent_covered_display": "75", "missing_lines": 1, "excluded_lines": 0}, "missing_lines": [577], "excluded_lines": []}, "RecipeBuilder._load_model_spec": {"executed_lines": [591, 592], "summary": {"covered_lines": 2, "num_statements": 2, "percent_covered": 100.0, "percent_covered_display": "100", "missing_lines": 0, "excluded_lines": 0}, "missing_lines": [], "excluded_lines": []}, "RecipeBuilder._prepare_template_context": {"executed_lines": [], "summary": {"covered_lines": 0, "num_statements": 25, "percent_covered": 0.0, "percent_covered_display": "0", "missing_lines": 25, "excluded_lines": 0}, "missing_lines": [604, 627, 628, 631, 633, 634, 635, 636, 639, 640, 643, 644, 645, 651, 654, 655, 658, 659, 660, 661, 662, 663, 665, 667, 669], "excluded_lines": []}, "RecipeBuilder._show_selections_summary": {"executed_lines": [679, 680, 687, 688, 691, 702], "summary": {"covered_lines": 6, "num_statements": 11, "percent_covered": 54.54545454545455, "percent_covered_display": "55", "missing_lines": 5, "excluded_lines": 0}, "missing_lines": [681, 682, 683, 684, 689], "excluded_lines": []}, "": {"executed_lines": [1, 11, 12, 13, 14, 16, 17, 18, 21, 22, 28, 35, 45, 61, 521, 548, 565, 581, 594, 671], "summary": {"covered_lines": 18, "num_statements": 18, "percent_covered": 100.0, "percent_covered_display": "100", "missing_lines": 0, "excluded_lines": 0}, "missing_lines": [], "excluded_lines": []}}, "classes": {"RecipeBuilder": {"executed_lines": [30, 31, 32, 33, 68, 71, 75, 77, 80, 81, 83, 87, 91, 93, 96, 97, 99, 104, 105, 106, 107, 115, 116, 120, 123, 124, 130, 133, 134, 135, 138, 141, 143, 146, 149, 154, 155, 165, 168, 169, 171, 176, 232, 233, 234, 237, 241, 244, 252, 255, 256, 257, 258, 259, 264, 269, 270, 274, 275, 278, 279, 285, 288, 291, 312, 315, 316, 317, 426, 428, 431, 434, 435, 436, 441, 444, 449, 455, 458, 463, 465, 501, 502, 504, 507, 509, 510, 512, 514, 515, 517, 555, 558, 559, 560, 561, 563, 575, 576, 579, 591, 592, 679, 680, 687, 688, 691, 702], "summary": {"covered_lines": 108, "num_statements": 244, "percent_covered": 44.26229508196721, "percent_covered_display": "44", "missing_lines": 136, "excluded_lines": 0}, "missing_lines": [40, 43, 47, 59, 84, 85, 100, 101, 160, 177, 180, 181, 182, 187, 190, 191, 193, 194, 198, 199, 202, 208, 212, 214, 219, 221, 223, 230, 245, 246, 250, 266, 320, 322, 323, 324, 325, 326, 330, 331, 332, 333, 335, 337, 340, 341, 343, 346, 347, 348, 352, 353, 355, 358, 359, 360, 361, 362, 363, 365, 374, 376, 378, 379, 384, 385, 387, 390, 391, 392, 396, 397, 399, 402, 403, 407, 410, 414, 415, 417, 424, 437, 438, 439, 466, 467, 470, 471, 474, 476, 481, 484, 486, 492, 498, 499, 513, 519, 532, 535, 536, 537, 540, 546, 556, 577, 604, 627, 628, 631, 633, 634, 635, 636, 639, 640, 643, 644, 645, 651, 654, 655, 658, 659, 660, 661, 662, 663, 665, 667, 669, 681, 682, 683, 684, 689], "excluded_lines": []}, "": {"executed_lines": [1, 11, 12, 13, 14, 16, 17, 18, 21, 22, 28, 35, 45, 61, 521, 548, 565, 581, 594, 671], "summary": {"covered_lines": 18, "num_statements": 18, "percent_covered": 100.0, "percent_covered_display": "100", "missing_lines": 0, "excluded_lines": 0}, "missing_lines": [], "excluded_lines": []}}}, "src/cli/utils/system_checker.py": {"executed_lines": [1, 11, 12, 13, 14, 15, 16, 18, 21, 22, 23, 24, 25, 26, 29, 30, 31, 32, 33, 34, 35, 36, 39, 40, 45, 60, 103, 157, 196, 240, 282, 323, 343, 376, 409, 421, 462, 472, 478, 510, 525, 549, 566, 574, 596, 605, 618, 627, 649, 671, 724], "summary": {"covered_lines": 45, "num_statements": 300, "percent_covered": 15.0, "percent_covered_display": "15", "missing_lines": 255, "excluded_lines": 0}, "missing_lines": [54, 55, 56, 57, 58, 67, 70, 71, 74, 75, 76, 79, 80, 83, 84, 85, 88, 89, 90, 91, 94, 95, 98, 99, 101, 110, 111, 113, 114, 116, 117, 118, 119, 125, 126, 127, 134, 137, 138, 139, 146, 148, 149, 167, 168, 169, 172, 173, 176, 177, 180, 181, 182, 183, 184, 185, 187, 190, 207, 208, 211, 212, 213, 214, 215, 216, 219, 222, 223, 226, 227, 230, 231, 234, 242, 244, 246, 247, 249, 250, 251, 252, 258, 265, 267, 274, 275, 284, 285, 287, 288, 295, 296, 297, 299, 301, 308, 309, 315, 316, 325, 326, 328, 329, 336, 345, 346, 349, 352, 354, 361, 362, 368, 369, 378, 379, 382, 385, 387, 394, 395, 401, 402, 420, 427, 428, 431, 432, 433, 434, 435, 436, 439, 442, 443, 444, 445, 446, 447, 449, 456, 464, 465, 467, 468, 469, 470, 480, 482, 484, 486, 487, 489, 490, 491, 492, 498, 499, 500, 501, 503, 517, 518, 527, 529, 530, 537, 538, 539, 540, 541, 547, 548, 556, 558, 559, 568, 569, 571, 572, 573, 575, 576, 583, 590, 591, 592, 594, 595, 599, 607, 608, 609, 610, 612, 619, 620, 629, 630, 631, 632, 634, 641, 642, 651, 652, 653, 656, 657, 664, 673, 676, 677, 683, 686, 687, 688, 689, 691, 692, 693, 694, 695, 701, 702, 703, 709, 710, 717, 732, 733, 734, 735, 738, 746, 747, 749, 750, 757, 763, 766, 767, 776, 777, 778, 780, 781, 782, 783, 786, 787, 788, 789, 791, 793], "excluded_lines": [], "functions": {"SystemChecker.__init__": {"executed_lines": [], "summary": {"covered_lines": 0, "num_statements": 5, "percent_covered": 0.0, "percent_covered_display": "0", "missing_lines": 5, "excluded_lines": 0}, "missing_lines": [54, 55, 56, 57, 58], "excluded_lines": []}, "SystemChecker.run_all_checks": {"executed_lines": [], "summary": {"covered_lines": 0, "num_statements": 20, "percent_covered": 0.0, "percent_covered_display": "0", "missing_lines": 20, "excluded_lines": 0}, "missing_lines": [67, 70, 71, 74, 75, 76, 79, 80, 83, 84, 85, 88, 89, 90, 91, 94, 95, 98, 99, 101], "excluded_lines": []}, "SystemChecker.check_mlflow": {"executed_lines": [], "summary": {"covered_lines": 0, "num_statements": 18, "percent_covered": 0.0, "percent_covered_display": "0", "missing_lines": 18, "excluded_lines": 0}, "missing_lines": [110, 111, 113, 114, 116, 117, 118, 119, 125, 126, 127, 134, 137, 138, 139, 146, 148, 149], "excluded_lines": []}, "SystemChecker.check_data_source": {"executed_lines": [], "summary": {"covered_lines": 0, "num_statements": 15, "percent_covered": 0.0, "percent_covered_display": "0", "missing_lines": 15, "excluded_lines": 0}, "missing_lines": [167, 168, 169, 172, 173, 176, 177, 180, 181, 182, 183, 184, 185, 187, 190], "excluded_lines": []}, "SystemChecker.check_adapter": {"executed_lines": [], "summary": {"covered_lines": 0, "num_statements": 16, "percent_covered": 0.0, "percent_covered_display": "0", "missing_lines": 16, "excluded_lines": 0}, "missing_lines": [207, 208, 211, 212, 213, 214, 215, 216, 219, 222, 223, 226, 227, 230, 231, 234], "excluded_lines": []}, "SystemChecker._check_postgresql": {"executed_lines": [], "summary": {"covered_lines": 0, "num_statements": 13, "percent_covered": 0.0, "percent_covered_display": "0", "missing_lines": 13, "excluded_lines": 0}, "missing_lines": [242, 244, 246, 247, 249, 250, 251, 252, 258, 265, 267, 274, 275], "excluded_lines": []}, "SystemChecker._check_bigquery": {"executed_lines": [], "summary": {"covered_lines": 0, "num_statements": 13, "percent_covered": 0.0, "percent_covered_display": "0", "missing_lines": 13, "excluded_lines": 0}, "missing_lines": [284, 285, 287, 288, 295, 296, 297, 299, 301, 308, 309, 315, 316], "excluded_lines": []}, "SystemChecker._check_storage": {"executed_lines": [], "summary": {"covered_lines": 0, "num_statements": 5, "percent_covered": 0.0, "percent_covered_display": "0", "missing_lines": 5, "excluded_lines": 0}, "missing_lines": [325, 326, 328, 329, 336], "excluded_lines": []}, "SystemChecker._check_s3": {"executed_lines": [], "summary": {"covered_lines": 0, "num_statements": 9, "percent_covered": 0.0, "percent_covered_display": "0", "missing_lines": 9, "excluded_lines": 0}, "missing_lines": [345, 346, 349, 352, 354, 361, 362, 368, 369], "excluded_lines": []}, "SystemChecker._check_gcs": {"executed_lines": [], "summary": {"covered_lines": 0, "num_statements": 9, "percent_covered": 0.0, "percent_covered_display": "0", "missing_lines": 9, "excluded_lines": 0}, "missing_lines": [378, 379, 382, 385, 387, 394, 395, 401, 402], "excluded_lines": []}, "SystemChecker.check_output_target": {"executed_lines": [421], "summary": {"covered_lines": 1, "num_statements": 19, "percent_covered": 5.2631578947368425, "percent_covered_display": "5", "missing_lines": 18, "excluded_lines": 0}, "missing_lines": [420, 427, 428, 431, 432, 433, 434, 435, 436, 439, 442, 443, 444, 445, 446, 447, 449, 456], "excluded_lines": []}, "SystemChecker.check_feature_store": {"executed_lines": [472], "summary": {"covered_lines": 1, "num_statements": 7, "percent_covered": 14.285714285714286, "percent_covered_display": "14", "missing_lines": 6, "excluded_lines": 0}, "missing_lines": [464, 465, 467, 468, 469, 470], "excluded_lines": []}, "SystemChecker._check_feast": {"executed_lines": [510], "summary": {"covered_lines": 1, "num_statements": 17, "percent_covered": 5.882352941176471, "percent_covered_display": "6", "missing_lines": 16, "excluded_lines": 0}, "missing_lines": [480, 482, 484, 486, 487, 489, 490, 491, 492, 498, 499, 500, 501, 503, 517, 518], "excluded_lines": []}, "SystemChecker._check_tecton": {"executed_lines": [549], "summary": {"covered_lines": 1, "num_statements": 14, "percent_covered": 7.142857142857143, "percent_covered_display": "7", "missing_lines": 13, "excluded_lines": 0}, "missing_lines": [527, 529, 530, 537, 538, 539, 540, 541, 547, 548, 556, 558, 559], "excluded_lines": []}, "SystemChecker.check_artifact_store": {"executed_lines": [574, 596], "summary": {"covered_lines": 1, "num_statements": 15, "percent_covered": 6.666666666666667, "percent_covered_display": "7", "missing_lines": 14, "excluded_lines": 0}, "missing_lines": [568, 569, 571, 572, 573, 575, 576, 583, 590, 591, 592, 594, 595, 599], "excluded_lines": []}, "SystemChecker._check_s3_bucket": {"executed_lines": [618], "summary": {"covered_lines": 0, "num_statements": 7, "percent_covered": 0.0, "percent_covered_display": "0", "missing_lines": 7, "excluded_lines": 0}, "missing_lines": [607, 608, 609, 610, 612, 619, 620], "excluded_lines": []}, "SystemChecker._check_gcs_bucket": {"executed_lines": [], "summary": {"covered_lines": 0, "num_statements": 7, "percent_covered": 0.0, "percent_covered_display": "0", "missing_lines": 7, "excluded_lines": 0}, "missing_lines": [629, 630, 631, 632, 634, 641, 642], "excluded_lines": []}, "SystemChecker.check_serving": {"executed_lines": [], "summary": {"covered_lines": 0, "num_statements": 6, "percent_covered": 0.0, "percent_covered_display": "0", "missing_lines": 6, "excluded_lines": 0}, "missing_lines": [651, 652, 653, 656, 657, 664], "excluded_lines": []}, "SystemChecker.check_monitoring": {"executed_lines": [], "summary": {"covered_lines": 0, "num_statements": 19, "percent_covered": 0.0, "percent_covered_display": "0", "missing_lines": 19, "excluded_lines": 0}, "missing_lines": [673, 676, 677, 683, 686, 687, 688, 689, 691, 692, 693, 694, 695, 701, 702, 703, 709, 710, 717], "excluded_lines": []}, "SystemChecker.display_results": {"executed_lines": [], "summary": {"covered_lines": 0, "num_statements": 26, "percent_covered": 0.0, "percent_covered_display": "0", "missing_lines": 26, "excluded_lines": 0}, "missing_lines": [732, 733, 734, 735, 738, 746, 747, 749, 750, 757, 763, 766, 767, 776, 777, 778, 780, 781, 782, 783, 786, 787, 788, 789, 791, 793], "excluded_lines": []}, "": {"executed_lines": [1, 11, 12, 13, 14, 15, 16, 18, 21, 22, 23, 24, 25, 26, 29, 30, 31, 32, 33, 34, 35, 36, 39, 40, 45, 60, 103, 157, 196, 240, 282, 323, 343, 376, 409, 462, 478, 525, 566, 605, 627, 649, 671, 724], "summary": {"covered_lines": 40, "num_statements": 40, "percent_covered": 100.0, "percent_covered_display": "100", "missing_lines": 0, "excluded_lines": 0}, "missing_lines": [], "excluded_lines": []}}, "classes": {"CheckStatus": {"executed_lines": [], "summary": {"covered_lines": 0, "num_statements": 0, "percent_covered": 100.0, "percent_covered_display": "100", "missing_lines": 0, "excluded_lines": 0}, "missing_lines": [], "excluded_lines": []}, "CheckResult": {"executed_lines": [], "summary": {"covered_lines": 0, "num_statements": 0, "percent_covered": 100.0, "percent_covered_display": "100", "missing_lines": 0, "excluded_lines": 0}, "missing_lines": [], "excluded_lines": []}, "SystemChecker": {"executed_lines": [421, 472, 510, 549, 574, 596, 618], "summary": {"covered_lines": 5, "num_statements": 260, "percent_covered": 1.9230769230769231, "percent_covered_display": "2", "missing_lines": 255, "excluded_lines": 0}, "missing_lines": [54, 55, 56, 57, 58, 67, 70, 71, 74, 75, 76, 79, 80, 83, 84, 85, 88, 89, 90, 91, 94, 95, 98, 99, 101, 110, 111, 113, 114, 116, 117, 118, 119, 125, 126, 127, 134, 137, 138, 139, 146, 148, 149, 167, 168, 169, 172, 173, 176, 177, 180, 181, 182, 183, 184, 185, 187, 190, 207, 208, 211, 212, 213, 214, 215, 216, 219, 222, 223, 226, 227, 230, 231, 234, 242, 244, 246, 247, 249, 250, 251, 252, 258, 265, 267, 274, 275, 284, 285, 287, 288, 295, 296, 297, 299, 301, 308, 309, 315, 316, 325, 326, 328, 329, 336, 345, 346, 349, 352, 354, 361, 362, 368, 369, 378, 379, 382, 385, 387, 394, 395, 401, 402, 420, 427, 428, 431, 432, 433, 434, 435, 436, 439, 442, 443, 444, 445, 446, 447, 449, 456, 464, 465, 467, 468, 469, 470, 480, 482, 484, 486, 487, 489, 490, 491, 492, 498, 499, 500, 501, 503, 517, 518, 527, 529, 530, 537, 538, 539, 540, 541, 547, 548, 556, 558, 559, 568, 569, 571, 572, 573, 575, 576, 583, 590, 591, 592, 594, 595, 599, 607, 608, 609, 610, 612, 619, 620, 629, 630, 631, 632, 634, 641, 642, 651, 652, 653, 656, 657, 664, 673, 676, 677, 683, 686, 687, 688, 689, 691, 692, 693, 694, 695, 701, 702, 703, 709, 710, 717, 732, 733, 734, 735, 738, 746, 747, 749, 750, 757, 763, 766, 767, 776, 777, 778, 780, 781, 782, 783, 786, 787, 788, 789, 791, 793], "excluded_lines": []}, "": {"executed_lines": [1, 11, 12, 13, 14, 15, 16, 18, 21, 22, 23, 24, 25, 26, 29, 30, 31, 32, 33, 34, 35, 36, 39, 40, 45, 60, 103, 157, 196, 240, 282, 323, 343, 376, 409, 462, 478, 525, 566, 605, 627, 649, 671, 724], "summary": {"covered_lines": 40, "num_statements": 40, "percent_covered": 100.0, "percent_covered_display": "100", "missing_lines": 0, "excluded_lines": 0}, "missing_lines": [], "excluded_lines": []}}}, "src/cli/utils/template_engine.py": {"executed_lines": [1, 11, 12, 13, 14, 16, 19, 20, 25, 34, 37, 38, 46, 59, 60, 61, 62, 66, 86, 87, 90, 92, 93, 94, 99, 133], "summary": {"covered_lines": 24, "num_statements": 52, "percent_covered": 46.15384615384615, "percent_covered_display": "46", "missing_lines": 28, "excluded_lines": 0}, "missing_lines": [35, 63, 64, 95, 96, 97, 116, 118, 119, 122, 123, 125, 126, 127, 128, 129, 130, 131, 142, 144, 145, 146, 148, 150, 151, 152, 153, 155], "excluded_lines": [], "functions": {"TemplateEngine.__init__": {"executed_lines": [34, 37, 38], "summary": {"covered_lines": 3, "num_statements": 4, "percent_covered": 75.0, "percent_covered_display": "75", "missing_lines": 1, "excluded_lines": 0}, "missing_lines": [35], "excluded_lines": []}, "TemplateEngine.render_template": {"executed_lines": [59, 60, 61, 62], "summary": {"covered_lines": 4, "num_statements": 6, "percent_covered": 66.66666666666667, "percent_covered_display": "67", "missing_lines": 2, "excluded_lines": 0}, "missing_lines": [63, 64], "excluded_lines": []}, "TemplateEngine.write_rendered_file": {"executed_lines": [86, 87, 90, 92, 93, 94], "summary": {"covered_lines": 6, "num_statements": 9, "percent_covered": 66.66666666666667, "percent_covered_display": "67", "missing_lines": 3, "excluded_lines": 0}, "missing_lines": [95, 96, 97], "excluded_lines": []}, "TemplateEngine.copy_static_file": {"executed_lines": [], "summary": {"covered_lines": 0, "num_statements": 12, "percent_covered": 0.0, "percent_covered_display": "0", "missing_lines": 12, "excluded_lines": 0}, "missing_lines": [116, 118, 119, 122, 123, 125, 126, 127, 128, 129, 130, 131], "excluded_lines": []}, "TemplateEngine.list_templates": {"executed_lines": [], "summary": {"covered_lines": 0, "num_statements": 10, "percent_covered": 0.0, "percent_covered_display": "0", "missing_lines": 10, "excluded_lines": 0}, "missing_lines": [142, 144, 145, 146, 148, 150, 151, 152, 153, 155], "excluded_lines": []}, "": {"executed_lines": [1, 11, 12, 13, 14, 16, 19, 20, 25, 46, 66, 99, 133], "summary": {"covered_lines": 11, "num_statements": 11, "percent_covered": 100.0, "percent_covered_display": "100", "missing_lines": 0, "excluded_lines": 0}, "missing_lines": [], "excluded_lines": []}}, "classes": {"TemplateEngine": {"executed_lines": [34, 37, 38, 59, 60, 61, 62, 86, 87, 90, 92, 93, 94], "summary": {"covered_lines": 13, "num_statements": 41, "percent_covered": 31.70731707317073, "percent_covered_display": "32", "missing_lines": 28, "excluded_lines": 0}, "missing_lines": [35, 63, 64, 95, 96, 97, 116, 118, 119, 122, 123, 125, 126, 127, 128, 129, 130, 131, 142, 144, 145, 146, 148, 150, 151, 152, 153, 155], "excluded_lines": []}, "": {"executed_lines": [1, 11, 12, 13, 14, 16, 19, 20, 25, 46, 66, 99, 133], "summary": {"covered_lines": 11, "num_statements": 11, "percent_covered": 100.0, "percent_covered_display": "100", "missing_lines": 0, "excluded_lines": 0}, "missing_lines": [], "excluded_lines": []}}}, "src/components/__init__.py": {"executed_lines": [0], "summary": {"covered_lines": 0, "num_statements": 0, "percent_covered": 100.0, "percent_covered_display": "100", "missing_lines": 0, "excluded_lines": 0}, "missing_lines": [], "excluded_lines": [], "functions": {"": {"executed_lines": [], "summary": {"covered_lines": 0, "num_statements": 0, "percent_covered": 100.0, "percent_covered_display": "100", "missing_lines": 0, "excluded_lines": 0}, "missing_lines": [], "excluded_lines": []}}, "classes": {"": {"executed_lines": [], "summary": {"covered_lines": 0, "num_statements": 0, "percent_covered": 100.0, "percent_covered_display": "100", "missing_lines": 0, "excluded_lines": 0}, "missing_lines": [], "excluded_lines": []}}}, "src/components/adapter/__init__.py": {"executed_lines": [1, 8, 11, 12, 14, 15, 21], "summary": {"covered_lines": 6, "num_statements": 8, "percent_covered": 75.0, "percent_covered_display": "75", "missing_lines": 2, "excluded_lines": 0}, "missing_lines": [16, 18], "excluded_lines": [], "functions": {"": {"executed_lines": [1, 8, 11, 12, 14, 15, 21], "summary": {"covered_lines": 6, "num_statements": 8, "percent_covered": 75.0, "percent_covered_display": "75", "missing_lines": 2, "excluded_lines": 0}, "missing_lines": [16, 18], "excluded_lines": []}}, "classes": {"": {"executed_lines": [1, 8, 11, 12, 14, 15, 21], "summary": {"covered_lines": 6, "num_statements": 8, "percent_covered": 75.0, "percent_covered_display": "75", "missing_lines": 2, "excluded_lines": 0}, "missing_lines": [16, 18], "excluded_lines": []}}}, "src/components/adapter/modules/__init__.py": {"executed_lines": [1], "summary": {"covered_lines": 0, "num_statements": 0, "percent_covered": 100.0, "percent_covered_display": "100", "missing_lines": 0, "excluded_lines": 0}, "missing_lines": [], "excluded_lines": [], "functions": {"": {"executed_lines": [1], "summary": {"covered_lines": 0, "num_statements": 0, "percent_covered": 100.0, "percent_covered_display": "100", "missing_lines": 0, "excluded_lines": 0}, "missing_lines": [], "excluded_lines": []}}, "classes": {"": {"executed_lines": [1], "summary": {"covered_lines": 0, "num_statements": 0, "percent_covered": 100.0, "percent_covered_display": "100", "missing_lines": 0, "excluded_lines": 0}, "missing_lines": [], "excluded_lines": []}}}, "src/components/adapter/modules/feast_adapter.py": {"executed_lines": [1, 2, 3, 4, 5, 6, 7, 9, 10, 11, 12, 16, 19, 22, 23, 26, 27, 30, 33, 34, 36, 38, 41, 42, 44, 48, 50, 52, 56, 57, 58, 60, 73, 106, 132, 159, 172, 174, 175, 176, 177, 178, 180, 185, 186], "summary": {"covered_lines": 44, "num_statements": 96, "percent_covered": 45.833333333333336, "percent_covered_display": "46", "missing_lines": 52, "excluded_lines": 0}, "missing_lines": [13, 14, 17, 28, 46, 47, 54, 55, 62, 63, 64, 68, 69, 70, 71, 90, 93, 94, 97, 100, 101, 103, 104, 108, 109, 112, 113, 114, 120, 121, 125, 126, 130, 136, 138, 139, 140, 143, 144, 149, 150, 152, 153, 157, 161, 162, 163, 167, 168, 169, 170, 182], "excluded_lines": [], "functions": {"FeastAdapter.__init__": {"executed_lines": [27, 30, 33, 34], "summary": {"covered_lines": 4, "num_statements": 5, "percent_covered": 80.0, "percent_covered_display": "80", "missing_lines": 1, "excluded_lines": 0}, "missing_lines": [28], "excluded_lines": []}, "FeastAdapter._init_feature_store": {"executed_lines": [38, 41, 42, 44, 48, 50, 52, 56, 57, 58], "summary": {"covered_lines": 10, "num_statements": 14, "percent_covered": 71.42857142857143, "percent_covered_display": "71", "missing_lines": 4, "excluded_lines": 0}, "missing_lines": [46, 47, 54, 55], "excluded_lines": []}, "FeastAdapter.get_historical_features": {"executed_lines": [], "summary": {"covered_lines": 0, "num_statements": 7, "percent_covered": 0.0, "percent_covered_display": "0", "missing_lines": 7, "excluded_lines": 0}, "missing_lines": [62, 63, 64, 68, 69, 70, 71], "excluded_lines": []}, "FeastAdapter.get_historical_features_with_validation": {"executed_lines": [], "summary": {"covered_lines": 0, "num_statements": 8, "percent_covered": 0.0, "percent_covered_display": "0", "missing_lines": 8, "excluded_lines": 0}, "missing_lines": [90, 93, 94, 97, 100, 101, 103, 104], "excluded_lines": []}, "FeastAdapter._validate_point_in_time_schema": {"executed_lines": [], "summary": {"covered_lines": 0, "num_statements": 10, "percent_covered": 0.0, "percent_covered_display": "0", "missing_lines": 10, "excluded_lines": 0}, "missing_lines": [108, 109, 112, 113, 114, 120, 121, 125, 126, 130], "excluded_lines": []}, "FeastAdapter._validate_asof_join_result": {"executed_lines": [], "summary": {"covered_lines": 0, "num_statements": 11, "percent_covered": 0.0, "percent_covered_display": "0", "missing_lines": 11, "excluded_lines": 0}, "missing_lines": [136, 138, 139, 140, 143, 144, 149, 150, 152, 153, 157], "excluded_lines": []}, "FeastAdapter.get_online_features": {"executed_lines": [], "summary": {"covered_lines": 0, "num_statements": 7, "percent_covered": 0.0, "percent_covered_display": "0", "missing_lines": 7, "excluded_lines": 0}, "missing_lines": [161, 162, 163, 167, 168, 169, 170], "excluded_lines": []}, "FeastAdapter.read": {"executed_lines": [174, 175, 176, 177, 178], "summary": {"covered_lines": 5, "num_statements": 5, "percent_covered": 100.0, "percent_covered_display": "100", "missing_lines": 0, "excluded_lines": 0}, "missing_lines": [], "excluded_lines": []}, "FeastAdapter.write": {"executed_lines": [], "summary": {"covered_lines": 0, "num_statements": 1, "percent_covered": 0.0, "percent_covered_display": "0", "missing_lines": 1, "excluded_lines": 0}, "missing_lines": [182], "excluded_lines": []}, "": {"executed_lines": [1, 2, 3, 4, 5, 6, 7, 9, 10, 11, 12, 16, 19, 22, 23, 26, 36, 60, 73, 106, 132, 159, 172, 180, 185, 186], "summary": {"covered_lines": 25, "num_statements": 28, "percent_covered": 89.28571428571429, "percent_covered_display": "89", "missing_lines": 3, "excluded_lines": 0}, "missing_lines": [13, 14, 17], "excluded_lines": []}}, "classes": {"FeastAdapter": {"executed_lines": [27, 30, 33, 34, 38, 41, 42, 44, 48, 50, 52, 56, 57, 58, 174, 175, 176, 177, 178], "summary": {"covered_lines": 19, "num_statements": 68, "percent_covered": 27.941176470588236, "percent_covered_display": "28", "missing_lines": 49, "excluded_lines": 0}, "missing_lines": [28, 46, 47, 54, 55, 62, 63, 64, 68, 69, 70, 71, 90, 93, 94, 97, 100, 101, 103, 104, 108, 109, 112, 113, 114, 120, 121, 125, 126, 130, 136, 138, 139, 140, 143, 144, 149, 150, 152, 153, 157, 161, 162, 163, 167, 168, 169, 170, 182], "excluded_lines": []}, "": {"executed_lines": [1, 2, 3, 4, 5, 6, 7, 9, 10, 11, 12, 16, 19, 22, 23, 26, 36, 60, 73, 106, 132, 159, 172, 180, 185, 186], "summary": {"covered_lines": 25, "num_statements": 28, "percent_covered": 89.28571428571429, "percent_covered_display": "89", "missing_lines": 3, "excluded_lines": 0}, "missing_lines": [13, 14, 17], "excluded_lines": []}}}, "src/components/adapter/modules/sql_adapter.py": {"executed_lines": [1, 2, 3, 4, 5, 6, 7, 8, 9, 10, 12, 16, 17, 27, 28, 29, 30, 33, 34, 35, 36, 38, 39, 40, 41, 42, 43, 45, 55, 56, 57, 60, 62, 63, 65, 66, 67, 68, 69, 72, 74, 87, 96, 97, 99, 100, 101, 102, 110, 112, 117, 118, 120, 121, 124, 125, 127, 128, 131, 133, 135, 143, 146, 147, 149, 151, 152, 153, 158, 160, 162, 165, 169, 170, 171, 176, 177, 179, 187, 190, 206, 209, 225, 227, 228, 230, 236, 244, 247, 270, 271, 272, 273, 279, 280], "summary": {"covered_lines": 94, "num_statements": 157, "percent_covered": 59.87261146496815, "percent_covered_display": "60", "missing_lines": 63, "excluded_lines": 0}, "missing_lines": [13, 70, 71, 75, 77, 78, 79, 80, 84, 85, 88, 90, 91, 92, 93, 94, 106, 107, 108, 136, 137, 138, 139, 140, 154, 155, 156, 172, 191, 192, 193, 194, 200, 201, 202, 203, 210, 211, 214, 215, 217, 218, 219, 221, 222, 231, 232, 233, 234, 248, 249, 251, 253, 254, 262, 263, 264, 265, 266, 267, 274, 275, 276], "excluded_lines": [], "functions": {"SqlAdapter.__init__": {"executed_lines": [28, 29, 30, 33, 34, 35, 36, 38, 39, 40, 41, 42, 43], "summary": {"covered_lines": 13, "num_statements": 13, "percent_covered": 100.0, "percent_covered_display": "100", "missing_lines": 0, "excluded_lines": 0}, "missing_lines": [], "excluded_lines": []}, "SqlAdapter._parse_connection_uri": {"executed_lines": [55, 56, 57, 60, 62, 63, 65, 66, 67, 68, 69, 72, 74, 87, 96, 97, 99, 100, 101, 102, 110], "summary": {"covered_lines": 21, "num_statements": 39, "percent_covered": 53.84615384615385, "percent_covered_display": "54", "missing_lines": 18, "excluded_lines": 0}, "missing_lines": [70, 71, 75, 77, 78, 79, 80, 84, 85, 88, 90, 91, 92, 93, 94, 106, 107, 108], "excluded_lines": []}, "SqlAdapter._create_engine": {"executed_lines": [117, 118, 120, 121, 124, 125, 127, 128, 131, 133, 135, 143, 146, 147, 149, 151, 152, 153], "summary": {"covered_lines": 18, "num_statements": 26, "percent_covered": 69.23076923076923, "percent_covered_display": "69", "missing_lines": 8, "excluded_lines": 0}, "missing_lines": [136, 137, 138, 139, 140, 154, 155, 156], "excluded_lines": []}, "SqlAdapter._enforce_sql_guards": {"executed_lines": [160, 162, 165, 169, 170, 171, 176, 177], "summary": {"covered_lines": 8, "num_statements": 9, "percent_covered": 88.88888888888889, "percent_covered_display": "89", "missing_lines": 1, "excluded_lines": 0}, "missing_lines": [172], "excluded_lines": []}, "SqlAdapter.read": {"executed_lines": [187, 190, 206, 209, 225, 227, 228, 230], "summary": {"covered_lines": 8, "num_statements": 29, "percent_covered": 27.586206896551722, "percent_covered_display": "28", "missing_lines": 21, "excluded_lines": 0}, "missing_lines": [191, 192, 193, 194, 200, 201, 202, 203, 210, 211, 214, 215, 217, 218, 219, 221, 222, 231, 232, 233, 234], "excluded_lines": []}, "SqlAdapter.write": {"executed_lines": [244, 247, 270, 271, 272, 273], "summary": {"covered_lines": 6, "num_statements": 20, "percent_covered": 30.0, "percent_covered_display": "30", "missing_lines": 14, "excluded_lines": 0}, "missing_lines": [248, 249, 251, 253, 254, 262, 263, 264, 265, 266, 267, 274, 275, 276], "excluded_lines": []}, "": {"executed_lines": [1, 2, 3, 4, 5, 6, 7, 8, 9, 10, 12, 16, 17, 27, 45, 112, 158, 179, 236, 279, 280], "summary": {"covered_lines": 20, "num_statements": 21, "percent_covered": 95.23809523809524, "percent_covered_display": "95", "missing_lines": 1, "excluded_lines": 0}, "missing_lines": [13], "excluded_lines": []}}, "classes": {"SqlAdapter": {"executed_lines": [28, 29, 30, 33, 34, 35, 36, 38, 39, 40, 41, 42, 43, 55, 56, 57, 60, 62, 63, 65, 66, 67, 68, 69, 72, 74, 87, 96, 97, 99, 100, 101, 102, 110, 117, 118, 120, 121, 124, 125, 127, 128, 131, 133, 135, 143, 146, 147, 149, 151, 152, 153, 160, 162, 165, 169, 170, 171, 176, 177, 187, 190, 206, 209, 225, 227, 228, 230, 244, 247, 270, 271, 272, 273], "summary": {"covered_lines": 74, "num_statements": 136, "percent_covered": 54.411764705882355, "percent_covered_display": "54", "missing_lines": 62, "excluded_lines": 0}, "missing_lines": [70, 71, 75, 77, 78, 79, 80, 84, 85, 88, 90, 91, 92, 93, 94, 106, 107, 108, 136, 137, 138, 139, 140, 154, 155, 156, 172, 191, 192, 193, 194, 200, 201, 202, 203, 210, 211, 214, 215, 217, 218, 219, 221, 222, 231, 232, 233, 234, 248, 249, 251, 253, 254, 262, 263, 264, 265, 266, 267, 274, 275, 276], "excluded_lines": []}, "": {"executed_lines": [1, 2, 3, 4, 5, 6, 7, 8, 9, 10, 12, 16, 17, 27, 45, 112, 158, 179, 236, 279, 280], "summary": {"covered_lines": 20, "num_statements": 21, "percent_covered": 95.23809523809524, "percent_covered_display": "95", "missing_lines": 1, "excluded_lines": 0}, "missing_lines": [13], "excluded_lines": []}}}, "src/components/adapter/modules/storage_adapter.py": {"executed_lines": [1, 2, 3, 5, 6, 7, 9, 10, 14, 15, 17, 18, 20, 21, 24, 29, 31, 32, 33, 34, 35, 36, 38, 40, 41, 44, 45, 46, 48, 49, 50, 52, 55, 56], "summary": {"covered_lines": 33, "num_statements": 37, "percent_covered": 89.1891891891892, "percent_covered_display": "89", "missing_lines": 4, "excluded_lines": 0}, "missing_lines": [23, 25, 26, 27], "excluded_lines": [], "functions": {"StorageAdapter.__init__": {"executed_lines": [15, 17, 18, 20, 21, 24], "summary": {"covered_lines": 6, "num_statements": 10, "percent_covered": 60.0, "percent_covered_display": "60", "missing_lines": 4, "excluded_lines": 0}, "missing_lines": [23, 25, 26, 27], "excluded_lines": []}, "StorageAdapter.read": {"executed_lines": [31, 32, 33, 34, 35, 36], "summary": {"covered_lines": 6, "num_statements": 6, "percent_covered": 100.0, "percent_covered_display": "100", "missing_lines": 0, "excluded_lines": 0}, "missing_lines": [], "excluded_lines": []}, "StorageAdapter.write": {"executed_lines": [40, 41, 44, 45, 46, 48, 49, 50, 52], "summary": {"covered_lines": 9, "num_statements": 9, "percent_covered": 100.0, "percent_covered_display": "100", "missing_lines": 0, "excluded_lines": 0}, "missing_lines": [], "excluded_lines": []}, "": {"executed_lines": [1, 2, 3, 5, 6, 7, 9, 10, 14, 29, 38, 55, 56], "summary": {"covered_lines": 12, "num_statements": 12, "percent_covered": 100.0, "percent_covered_display": "100", "missing_lines": 0, "excluded_lines": 0}, "missing_lines": [], "excluded_lines": []}}, "classes": {"StorageAdapter": {"executed_lines": [15, 17, 18, 20, 21, 24, 31, 32, 33, 34, 35, 36, 40, 41, 44, 45, 46, 48, 49, 50, 52], "summary": {"covered_lines": 21, "num_statements": 25, "percent_covered": 84.0, "percent_covered_display": "84", "missing_lines": 4, "excluded_lines": 0}, "missing_lines": [23, 25, 26, 27], "excluded_lines": []}, "": {"executed_lines": [1, 2, 3, 5, 6, 7, 9, 10, 14, 29, 38, 55, 56], "summary": {"covered_lines": 12, "num_statements": 12, "percent_covered": 100.0, "percent_covered_display": "100", "missing_lines": 0, "excluded_lines": 0}, "missing_lines": [], "excluded_lines": []}}}, "src/components/adapter/registry.py": {"executed_lines": [1, 6, 7, 8, 11, 12, 14, 16, 17, 24, 27, 28, 29, 30, 37, 38, 50, 51, 52, 54, 56, 57, 59, 61, 62, 72, 73], "summary": {"covered_lines": 25, "num_statements": 28, "percent_covered": 89.28571428571429, "percent_covered_display": "89", "missing_lines": 3, "excluded_lines": 0}, "missing_lines": [25, 32, 34], "excluded_lines": [], "functions": {"AdapterRegistry.register": {"executed_lines": [24, 27, 28, 29, 30], "summary": {"covered_lines": 5, "num_statements": 8, "percent_covered": 62.5, "percent_covered_display": "62", "missing_lines": 3, "excluded_lines": 0}, "missing_lines": [25, 32, 34], "excluded_lines": []}, "AdapterRegistry.get_adapter": {"executed_lines": [50, 51, 52, 54], "summary": {"covered_lines": 4, "num_statements": 4, "percent_covered": 100.0, "percent_covered_display": "100", "missing_lines": 0, "excluded_lines": 0}, "missing_lines": [], "excluded_lines": []}, "AdapterRegistry.list_adapters": {"executed_lines": [59], "summary": {"covered_lines": 1, "num_statements": 1, "percent_covered": 100.0, "percent_covered_display": "100", "missing_lines": 0, "excluded_lines": 0}, "missing_lines": [], "excluded_lines": []}, "AdapterRegistry.create": {"executed_lines": [72, 73], "summary": {"covered_lines": 2, "num_statements": 2, "percent_covered": 100.0, "percent_covered_display": "100", "missing_lines": 0, "excluded_lines": 0}, "missing_lines": [], "excluded_lines": []}, "": {"executed_lines": [1, 6, 7, 8, 11, 12, 14, 16, 17, 37, 38, 56, 57, 61, 62], "summary": {"covered_lines": 13, "num_statements": 13, "percent_covered": 100.0, "percent_covered_display": "100", "missing_lines": 0, "excluded_lines": 0}, "missing_lines": [], "excluded_lines": []}}, "classes": {"AdapterRegistry": {"executed_lines": [24, 27, 28, 29, 30, 50, 51, 52, 54, 59, 72, 73], "summary": {"covered_lines": 12, "num_statements": 15, "percent_covered": 80.0, "percent_covered_display": "80", "missing_lines": 3, "excluded_lines": 0}, "missing_lines": [25, 32, 34], "excluded_lines": []}, "": {"executed_lines": [1, 6, 7, 8, 11, 12, 14, 16, 17, 37, 38, 56, 57, 61, 62], "summary": {"covered_lines": 13, "num_statements": 13, "percent_covered": 100.0, "percent_covered_display": "100", "missing_lines": 0, "excluded_lines": 0}, "missing_lines": [], "excluded_lines": []}}}, "src/components/datahandler/__init__.py": {"executed_lines": [2, 3, 6, 7, 8, 10], "summary": {"covered_lines": 6, "num_statements": 6, "percent_covered": 100.0, "percent_covered_display": "100", "missing_lines": 0, "excluded_lines": 0}, "missing_lines": [], "excluded_lines": [], "functions": {"": {"executed_lines": [2, 3, 6, 7, 8, 10], "summary": {"covered_lines": 6, "num_statements": 6, "percent_covered": 100.0, "percent_covered_display": "100", "missing_lines": 0, "excluded_lines": 0}, "missing_lines": [], "excluded_lines": []}}, "classes": {"": {"executed_lines": [2, 3, 6, 7, 8, 10], "summary": {"covered_lines": 6, "num_statements": 6, "percent_covered": 100.0, "percent_covered_display": "100", "missing_lines": 0, "excluded_lines": 0}, "missing_lines": [], "excluded_lines": []}}}, "src/components/datahandler/modules/deeplearning_handler.py": {"executed_lines": [2, 11, 12, 13, 14, 16, 17, 18, 19, 22, 23, 25, 26, 28, 29, 32, 33, 35, 36, 37, 38, 40, 42, 44, 47, 51, 52, 53, 57, 58, 59, 60, 65, 66, 70, 72, 75, 77, 78, 84, 91, 92, 94, 95, 96, 97, 98, 99, 101, 103, 104, 107, 110, 112, 122, 125, 128, 129, 130, 131, 132, 135, 142, 143, 145, 147, 149, 152, 155, 156, 158, 159, 161, 162, 165, 166, 169, 170, 171, 172, 174, 176, 187, 189, 235, 237, 238, 246, 248, 249, 252, 253, 255, 261, 264, 268, 269, 271, 272, 274, 275, 277, 278, 279, 281, 283, 320, 356, 358, 359, 362, 364, 365, 366, 371], "summary": {"covered_lines": 113, "num_statements": 200, "percent_covered": 56.5, "percent_covered_display": "56", "missing_lines": 87, "excluded_lines": 0}, "missing_lines": [48, 54, 61, 62, 67, 79, 80, 82, 114, 115, 116, 117, 118, 133, 136, 137, 138, 139, 153, 191, 194, 196, 198, 199, 200, 201, 203, 206, 207, 209, 211, 214, 215, 216, 217, 218, 220, 221, 222, 223, 224, 226, 233, 241, 242, 243, 244, 256, 265, 266, 285, 288, 296, 297, 298, 307, 308, 309, 310, 318, 322, 324, 325, 326, 328, 329, 330, 333, 334, 335, 337, 340, 341, 342, 343, 344, 345, 346, 347, 348, 349, 351, 353, 354, 360, 367, 368], "excluded_lines": [], "functions": {"DeepLearningDataHandler.__init__": {"executed_lines": [26, 28, 29, 32, 33, 35, 36, 37, 38], "summary": {"covered_lines": 9, "num_statements": 9, "percent_covered": 100.0, "percent_covered_display": "100", "missing_lines": 0, "excluded_lines": 0}, "missing_lines": [], "excluded_lines": []}, "DeepLearningDataHandler.validate_data": {"executed_lines": [42, 44, 47, 51, 52, 53, 57, 58, 59, 60, 65, 66, 70], "summary": {"covered_lines": 13, "num_statements": 18, "percent_covered": 72.22222222222223, "percent_covered_display": "72", "missing_lines": 5, "excluded_lines": 0}, "missing_lines": [48, 54, 61, 62, 67], "excluded_lines": []}, "DeepLearningDataHandler.prepare_data": {"executed_lines": [75, 77, 78], "summary": {"covered_lines": 3, "num_statements": 6, "percent_covered": 50.0, "percent_covered_display": "50", "missing_lines": 3, "excluded_lines": 0}, "missing_lines": [79, 80, 82], "excluded_lines": []}, "DeepLearningDataHandler.split_and_prepare": {"executed_lines": [91, 92, 94, 95, 96, 97, 98, 99], "summary": {"covered_lines": 8, "num_statements": 8, "percent_covered": 100.0, "percent_covered_display": "100", "missing_lines": 0, "excluded_lines": 0}, "missing_lines": [], "excluded_lines": []}, "DeepLearningDataHandler._prepare_timeseries_sequences": {"executed_lines": [103, 104, 107, 110, 112, 122, 125, 128, 129, 130, 131, 132, 135, 142, 143, 145, 147, 149, 152, 155, 156, 158, 159, 161, 162, 165, 166, 169, 170, 171, 172, 174, 176, 187], "summary": {"covered_lines": 34, "num_statements": 45, "percent_covered": 75.55555555555556, "percent_covered_display": "76", "missing_lines": 11, "excluded_lines": 0}, "missing_lines": [114, 115, 116, 117, 118, 133, 136, 137, 138, 139, 153], "excluded_lines": []}, "DeepLearningDataHandler._prepare_tabular_data": {"executed_lines": [], "summary": {"covered_lines": 0, "num_statements": 24, "percent_covered": 0.0, "percent_covered_display": "0", "missing_lines": 24, "excluded_lines": 0}, "missing_lines": [191, 194, 196, 198, 199, 200, 201, 203, 206, 207, 209, 211, 214, 215, 216, 217, 218, 220, 221, 222, 223, 224, 226, 233], "excluded_lines": []}, "DeepLearningDataHandler.split_data": {"executed_lines": [237, 238], "summary": {"covered_lines": 2, "num_statements": 6, "percent_covered": 33.333333333333336, "percent_covered_display": "33", "missing_lines": 4, "excluded_lines": 0}, "missing_lines": [241, 242, 243, 244], "excluded_lines": []}, "DeepLearningDataHandler._time_based_split": {"executed_lines": [248, 249, 252, 253, 255, 261, 264, 268, 269, 271, 272, 274, 275, 277, 278, 279, 281], "summary": {"covered_lines": 17, "num_statements": 20, "percent_covered": 85.0, "percent_covered_display": "85", "missing_lines": 3, "excluded_lines": 0}, "missing_lines": [256, 265, 266], "excluded_lines": []}, "DeepLearningDataHandler.get_data_info": {"executed_lines": [], "summary": {"covered_lines": 0, "num_statements": 10, "percent_covered": 0.0, "percent_covered_display": "0", "missing_lines": 10, "excluded_lines": 0}, "missing_lines": [285, 288, 296, 297, 298, 307, 308, 309, 310, 318], "excluded_lines": []}, "DeepLearningDataHandler._estimate_frequency": {"executed_lines": [], "summary": {"covered_lines": 0, "num_statements": 24, "percent_covered": 0.0, "percent_covered_display": "0", "missing_lines": 24, "excluded_lines": 0}, "missing_lines": [322, 324, 325, 326, 328, 329, 330, 333, 334, 335, 337, 340, 341, 342, 343, 344, 345, 346, 347, 348, 349, 351, 353, 354], "excluded_lines": []}, "DeepLearningDataHandler._get_sequence_length_for_run": {"executed_lines": [358, 359], "summary": {"covered_lines": 2, "num_statements": 3, "percent_covered": 66.66666666666667, "percent_covered_display": "67", "missing_lines": 1, "excluded_lines": 0}, "missing_lines": [360], "excluded_lines": []}, "DeepLearningDataHandler._effective_sequence_length": {"executed_lines": [364, 365, 366], "summary": {"covered_lines": 3, "num_statements": 5, "percent_covered": 60.0, "percent_covered_display": "60", "missing_lines": 2, "excluded_lines": 0}, "missing_lines": [367, 368], "excluded_lines": []}, "": {"executed_lines": [2, 11, 12, 13, 14, 16, 17, 18, 19, 22, 23, 25, 40, 72, 84, 101, 189, 235, 246, 283, 320, 356, 362, 371], "summary": {"covered_lines": 22, "num_statements": 22, "percent_covered": 100.0, "percent_covered_display": "100", "missing_lines": 0, "excluded_lines": 0}, "missing_lines": [], "excluded_lines": []}}, "classes": {"DeepLearningDataHandler": {"executed_lines": [26, 28, 29, 32, 33, 35, 36, 37, 38, 42, 44, 47, 51, 52, 53, 57, 58, 59, 60, 65, 66, 70, 75, 77, 78, 91, 92, 94, 95, 96, 97, 98, 99, 103, 104, 107, 110, 112, 122, 125, 128, 129, 130, 131, 132, 135, 142, 143, 145, 147, 149, 152, 155, 156, 158, 159, 161, 162, 165, 166, 169, 170, 171, 172, 174, 176, 187, 237, 238, 248, 249, 252, 253, 255, 261, 264, 268, 269, 271, 272, 274, 275, 277, 278, 279, 281, 358, 359, 364, 365, 366], "summary": {"covered_lines": 91, "num_statements": 178, "percent_covered": 51.12359550561798, "percent_covered_display": "51", "missing_lines": 87, "excluded_lines": 0}, "missing_lines": [48, 54, 61, 62, 67, 79, 80, 82, 114, 115, 116, 117, 118, 133, 136, 137, 138, 139, 153, 191, 194, 196, 198, 199, 200, 201, 203, 206, 207, 209, 211, 214, 215, 216, 217, 218, 220, 221, 222, 223, 224, 226, 233, 241, 242, 243, 244, 256, 265, 266, 285, 288, 296, 297, 298, 307, 308, 309, 310, 318, 322, 324, 325, 326, 328, 329, 330, 333, 334, 335, 337, 340, 341, 342, 343, 344, 345, 346, 347, 348, 349, 351, 353, 354, 360, 367, 368], "excluded_lines": []}, "": {"executed_lines": [2, 11, 12, 13, 14, 16, 17, 18, 19, 22, 23, 25, 40, 72, 84, 101, 189, 235, 246, 283, 320, 356, 362, 371], "summary": {"covered_lines": 22, "num_statements": 22, "percent_covered": 100.0, "percent_covered_display": "100", "missing_lines": 0, "excluded_lines": 0}, "missing_lines": [], "excluded_lines": []}}}, "src/components/datahandler/modules/tabular_handler.py": {"executed_lines": [2, 3, 4, 5, 7, 8, 9, 10, 13, 14, 16, 18, 19, 21, 23, 24, 26, 27, 28, 29, 31, 32, 33, 34, 35, 36, 37, 38, 40, 43, 45, 47, 48, 50, 51, 52, 54, 55, 59, 61, 64, 66, 67, 70, 71, 75, 76, 79, 80, 81, 85, 88, 91, 93, 94, 96, 98, 127, 129, 130, 133, 134, 135, 136, 149, 152, 154, 155, 160, 162, 167, 169, 172, 173, 176, 180, 182, 190, 193, 194, 195, 196, 198, 199, 206, 207, 209, 210, 214, 217, 222], "summary": {"covered_lines": 90, "num_statements": 118, "percent_covered": 76.27118644067797, "percent_covered_display": "76", "missing_lines": 28, "excluded_lines": 0}, "missing_lines": [53, 57, 68, 77, 82, 101, 102, 103, 104, 108, 109, 110, 111, 112, 115, 117, 120, 122, 123, 125, 140, 141, 142, 143, 144, 147, 177, 191], "excluded_lines": [], "functions": {"TabularDataHandler.__init__": {"executed_lines": [18, 19], "summary": {"covered_lines": 2, "num_statements": 2, "percent_covered": 100.0, "percent_covered_displ
[...]
lay": "0", "missing_lines": 5, "excluded_lines": 0}, "missing_lines": [8, 9, 10, 11, 12], "excluded_lines": []}, "validate_dependencies": {"executed_lines": [20, 23, 24, 25, 26, 28, 31, 35, 36, 40, 41, 42, 43, 44, 45, 46, 47, 49, 53, 54, 56, 57, 60, 61, 66], "summary": {"covered_lines": 25, "num_statements": 36, "percent_covered": 69.44444444444444, "percent_covered_display": "69", "missing_lines": 11, "excluded_lines": 0}, "missing_lines": [29, 30, 32, 37, 50, 55, 62, 63, 64, 65, 67], "excluded_lines": []}, "": {"executed_lines": [1, 2, 4, 7, 15], "summary": {"covered_lines": 5, "num_statements": 5, "percent_covered": 100.0, "percent_covered_display": "100", "missing_lines": 0, "excluded_lines": 0}, "missing_lines": [], "excluded_lines": []}}, "classes": {"": {"executed_lines": [1, 2, 4, 7, 15, 20, 23, 24, 25, 26, 28, 31, 35, 36, 40, 41, 42, 43, 44, 45, 46, 47, 49, 53, 54, 56, 57, 60, 61, 66], "summary": {"covered_lines": 30, "num_statements": 46, "percent_covered": 65.21739130434783, "percent_covered_display": "65", "missing_lines": 16, "excluded_lines": 0}, "missing_lines": [8, 9, 10, 11, 12, 29, 30, 32, 37, 50, 55, 62, 63, 64, 65, 67], "excluded_lines": []}}}, "src/utils/system/environment_check.py": {"executed_lines": [1, 16, 17, 18, 19, 20, 21, 22, 24, 27, 28, 30, 31, 32, 34, 36, 39, 43, 47, 50, 53, 54, 56, 58, 71, 72, 73, 74, 75, 76, 78, 79, 80, 85, 87, 95, 96, 97, 98, 99, 100, 102, 103, 105, 106, 108, 110, 112, 121, 122, 123, 124, 126, 127, 128, 133, 135, 137, 139, 140, 156, 158, 165, 166, 168, 169, 171, 173, 175, 184, 185, 186, 187, 190, 191, 192, 193, 195, 196, 197, 198, 200, 203, 207, 215, 219, 224, 225, 232, 233, 234], "summary": {"covered_lines": 89, "num_statements": 118, "percent_covered": 75.42372881355932, "percent_covered_display": "75", "missing_lines": 29, "excluded_lines": 0}, "missing_lines": [40, 41, 44, 45, 48, 51, 82, 83, 130, 131, 143, 144, 147, 148, 150, 151, 153, 154, 201, 209, 210, 211, 216, 235, 236, 237, 238, 239, 240], "excluded_lines": [], "functions": {"EnvironmentChecker.__init__": {"executed_lines": [31, 32], "summary": {"covered_lines": 2, "num_statements": 2, "percent_covered": 100.0, "percent_covered_display": "100", "missing_lines": 0, "excluded_lines": 0}, "missing_lines": [], "excluded_lines": []}, "EnvironmentChecker.check_python_version": {"executed_lines": [36, 39, 43, 47, 50, 53, 54], "summary": {"covered_lines": 7, "num_statements": 13, "percent_covered": 53.84615384615385, "percent_covered_display": "54", "missing_lines": 6, "excluded_lines": 0}, "missing_lines": [40, 41, 44, 45, 48, 51], "excluded_lines": []}, "EnvironmentChecker.check_required_packages": {"executed_lines": [58, 71, 72, 73, 74, 75, 76, 78, 79, 80], "summary": {"covered_lines": 10, "num_statements": 12, "percent_covered": 83.33333333333333, "percent_covered_display": "83", "missing_lines": 2, "excluded_lines": 0}, "missing_lines": [82, 83], "excluded_lines": []}, "EnvironmentChecker.check_optional_packages": {"executed_lines": [87, 95, 96, 97, 98, 99, 100, 102, 103, 105, 106], "summary": {"covered_lines": 11, "num_statements": 11, "percent_covered": 100.0, "percent_covered_display": "100", "missing_lines": 0, "excluded_lines": 0}, "missing_lines": [], "excluded_lines": []}, "EnvironmentChecker.check_directory_structure": {"executed_lines": [110, 112, 121, 122, 123, 124, 126, 127, 128], "summary": {"covered_lines": 9, "num_statements": 11, "percent_covered": 81.81818181818181, "percent_covered_display": "82", "missing_lines": 2, "excluded_lines": 0}, "missing_lines": [130, 131], "excluded_lines": []}, "EnvironmentChecker.check_environment_variables": {"executed_lines": [135, 137, 139, 140], "summary": {"covered_lines": 4, "num_statements": 12, "percent_covered": 33.333333333333336, "percent_covered_display": "33", "missing_lines": 8, "excluded_lines": 0}, "missing_lines": [143, 144, 147, 148, 150, 151, 153, 154], "excluded_lines": []}, "EnvironmentChecker.check_system_compatibility": {"executed_lines": [158, 165, 166, 168, 169], "summary": {"covered_lines": 5, "num_statements": 5, "percent_covered": 100.0, "percent_covered_display": "100", "missing_lines": 0, "excluded_lines": 0}, "missing_lines": [], "excluded_lines": []}, "EnvironmentChecker.run_full_check": {"executed_lines": [173, 175, 184, 185, 186, 187, 190, 191, 192, 193, 195, 196, 197, 198, 200, 203], "summary": {"covered_lines": 16, "num_statements": 17, "percent_covered": 94.11764705882354, "percent_covered_display": "94", "missing_lines": 1, "excluded_lines": 0}, "missing_lines": [201], "excluded_lines": []}, "check_environment": {"executed_lines": [], "summary": {"covered_lines": 0, "num_statements": 3, "percent_covered": 0.0, "percent_covered_display": "0", "missing_lines": 3, "excluded_lines": 0}, "missing_lines": [209, 210, 211], "excluded_lines": []}, "get_pip_requirements": {"executed_lines": [224, 225, 232, 233, 234], "summary": {"covered_lines": 5, "num_statements": 11, "percent_covered": 45.45454545454545, "percent_covered_display": "45", "missing_lines": 6, "excluded_lines": 0}, "missing_lines": [235, 236, 237, 238, 239, 240], "excluded_lines": []}, "": {"executed_lines": [1, 16, 17, 18, 19, 20, 21, 22, 24, 27, 28, 30, 34, 56, 85, 108, 133, 156, 171, 207, 215, 219], "summary": {"covered_lines": 20, "num_statements": 21, "percent_covered": 95.23809523809524, "percent_covered_display": "95", "missing_lines": 1, "excluded_lines": 0}, "missing_lines": [216], "excluded_lines": []}}, "classes": {"EnvironmentChecker": {"executed_lines": [31, 32, 36, 39, 43, 47, 50, 53, 54, 58, 71, 72, 73, 74, 75, 76, 78, 79, 80, 87, 95, 96, 97, 98, 99, 100, 102, 103, 105, 106, 110, 112, 121, 122, 123, 124, 126, 127, 128, 135, 137, 139, 140, 158, 165, 166, 168, 169, 173, 175, 184, 185, 186, 187, 190, 191, 192, 193, 195, 196, 197, 198, 200, 203], "summary": {"covered_lines": 64, "num_statements": 83, "percent_covered": 77.10843373493977, "percent_covered_display": "77", "missing_lines": 19, "excluded_lines": 0}, "missing_lines": [40, 41, 44, 45, 48, 51, 82, 83, 130, 131, 143, 144, 147, 148, 150, 151, 153, 154, 201], "excluded_lines": []}, "": {"executed_lines": [1, 16, 17, 18, 19, 20, 21, 22, 24, 27, 28, 30, 34, 56, 85, 108, 133, 156, 171, 207, 215, 219, 224, 225, 232, 233, 234], "summary": {"covered_lines": 25, "num_statements": 35, "percent_covered": 71.42857142857143, "percent_covered_display": "71", "missing_lines": 10, "excluded_lines": 0}, "missing_lines": [209, 210, 211, 216, 235, 236, 237, 238, 239, 240], "excluded_lines": []}}}, "src/utils/system/logger.py": {"executed_lines": [1, 2, 3, 4, 7, 8, 12, 14, 19, 22, 23, 24, 25, 29, 30, 31, 38, 39, 42, 43, 44, 46], "summary": {"covered_lines": 22, "num_statements": 28, "percent_covered": 78.57142857142857, "percent_covered_display": "79", "missing_lines": 6, "excluded_lines": 0}, "missing_lines": [9, 32, 33, 34, 35, 36], "excluded_lines": [], "functions": {"setup_logging": {"executed_lines": [19, 22, 23, 24, 25, 29, 30, 31, 38, 39, 42, 43, 44, 46], "summary": {"covered_lines": 14, "num_statements": 19, "percent_covered": 73.6842105263158, "percent_covered_display": "74", "missing_lines": 5, "excluded_lines": 0}, "missing_lines": [32, 33, 34, 35, 36], "excluded_lines": []}, "": {"executed_lines": [1, 2, 3, 4, 7, 8, 12, 14], "summary": {"covered_lines": 8, "num_statements": 9, "percent_covered": 88.88888888888889, "percent_covered_display": "89", "missing_lines": 1, "excluded_lines": 0}, "missing_lines": [9], "excluded_lines": []}}, "classes": {"": {"executed_lines": [1, 2, 3, 4, 7, 8, 12, 14, 19, 22, 23, 24, 25, 29, 30, 31, 38, 39, 42, 43, 44, 46], "summary": {"covered_lines": 22, "num_statements": 28, "percent_covered": 78.57142857142857, "percent_covered_display": "79", "missing_lines": 6, "excluded_lines": 0}, "missing_lines": [9, 32, 33, 34, 35, 36], "excluded_lines": []}}}, "src/utils/system/reproducibility.py": {"executed_lines": [1, 3, 7, 8, 9, 13, 14, 15, 19, 20, 21, 25, 26, 27, 28, 31, 32, 37, 38, 39], "summary": {"covered_lines": 20, "num_statements": 31, "percent_covered": 64.51612903225806, "percent_covered_display": "65", "missing_lines": 11, "excluded_lines": 0}, "missing_lines": [10, 11, 16, 17, 22, 23, 29, 33, 34, 40, 41], "excluded_lines": [], "functions": {"set_global_seeds": {"executed_lines": [7, 8, 9, 13, 14, 15, 19, 20, 21, 25, 26, 27, 28, 31, 32, 37, 38, 39], "summary": {"covered_lines": 18, "num_statements": 29, "percent_covered": 62.06896551724138, "percent_covered_display": "62", "missing_lines": 11, "excluded_lines": 0}, "missing_lines": [10, 11, 16, 17, 22, 23, 29, 33, 34, 40, 41], "excluded_lines": []}, "": {"executed_lines": [1, 3], "summary": {"covered_lines": 2, "num_statements": 2, "percent_covered": 100.0, "percent_covered_display": "100", "missing_lines": 0, "excluded_lines": 0}, "missing_lines": [], "excluded_lines": []}}, "classes": {"": {"executed_lines": [1, 3, 7, 8, 9, 13, 14, 15, 19, 20, 21, 25, 26, 27, 28, 31, 32, 37, 38, 39], "summary": {"covered_lines": 20, "num_statements": 31, "percent_covered": 64.51612903225806, "percent_covered_display": "65", "missing_lines": 11, "excluded_lines": 0}, "missing_lines": [10, 11, 16, 17, 22, 23, 29, 33, 34, 40, 41], "excluded_lines": []}}}, "src/utils/system/schema_utils.py": {"executed_lines": [1, 2, 3, 4, 6, 10, 76, 87, 89, 91, 92, 95, 96, 97, 98, 100, 101, 103, 104, 109, 120, 121, 123, 156, 159, 160, 162, 165, 167, 169, 170, 172, 173, 187, 208, 236, 267, 279, 282, 283, 285, 291, 312, 313], "summary": {"covered_lines": 43, "num_statements": 123, "percent_covered": 34.959349593495936, "percent_covered_display": "35", "missing_lines": 80, "excluded_lines": 0}, "missing_lines": [7, 23, 26, 27, 29, 30, 32, 34, 35, 36, 39, 40, 43, 44, 49, 50, 53, 54, 55, 58, 59, 60, 61, 62, 63, 64, 65, 67, 68, 69, 70, 71, 73, 93, 138, 139, 142, 143, 146, 147, 150, 151, 153, 154, 163, 181, 182, 183, 185, 189, 191, 192, 193, 195, 196, 198, 199, 206, 211, 212, 215, 228, 229, 231, 234, 239, 240, 243, 244, 245, 248, 249, 250, 256, 257, 258, 259, 264, 288, 289], "excluded_lines": [], "functions": {"validate_schema": {"executed_lines": [], "summary": {"covered_lines": 0, "num_statements": 32, "percent_covered": 0.0, "percent_covered_display": "0", "missing_lines": 32, "excluded_lines": 0}, "missing_lines": [23, 26, 27, 29, 30, 32, 34, 35, 36, 39, 40, 43, 44, 49, 50, 53, 54, 55, 58, 59, 60, 61, 62, 63, 64, 65, 67, 68, 69, 70, 71, 73], "excluded_lines": []}, "convert_schema": {"executed_lines": [87, 89, 91, 92, 95, 96, 97, 98, 100, 101], "summary": {"covered_lines": 10, "num_statements": 11, "percent_covered": 90.9090909090909, "percent_covered_display": "91", "missing_lines": 1, "excluded_lines": 0}, "missing_lines": [93], "excluded_lines": []}, "SchemaConsistencyValidator.__init__": {"executed_lines": [120, 121], "summary": {"covered_lines": 2, "num_statements": 2, "percent_covered": 100.0, "percent_covered_display": "100", "missing_lines": 0, "excluded_lines": 0}, "missing_lines": [], "excluded_lines": []}, "SchemaConsistencyValidator.validate_inference_consistency": {"executed_lines": [], "summary": {"covered_lines": 0, "num_statements": 10, "percent_covered": 0.0, "percent_covered_display": "0", "missing_lines": 10, "excluded_lines": 0}, "missing_lines": [138, 139, 142, 143, 146, 147, 150, 151, 153, 154], "excluded_lines": []}, "SchemaConsistencyValidator._validate_basic_schema": {"executed_lines": [159, 160, 162, 165], "summary": {"covered_lines": 4, "num_statements": 5, "percent_covered": 80.0, "percent_covered_display": "80", "missing_lines": 1, "excluded_lines": 0}, "missing_lines": [163], "excluded_lines": []}, "SchemaConsistencyValidator._validate_column_consistency": {"executed_lines": [169, 170, 172, 173], "summary": {"covered_lines": 4, "num_statements": 8, "percent_covered": 50.0, "percent_covered_display": "50", "missing_lines": 4, "excluded_lines": 0}, "missing_lines": [181, 182, 183, 185], "excluded_lines": []}, "SchemaConsistencyValidator._validate_dtype_compatibility": {"executed_lines": [], "summary": {"covered_lines": 0, "num_statements": 9, "percent_covered": 0.0, "percent_covered_display": "0", "missing_lines": 9, "excluded_lines": 0}, "missing_lines": [189, 191, 192, 193, 195, 196, 198, 199, 206], "excluded_lines": []}, "SchemaConsistencyValidator._is_compatible_dtype": {"executed_lines": [], "summary": {"covered_lines": 0, "num_statements": 7, "percent_covered": 0.0, "percent_covered_display": "0", "missing_lines": 7, "excluded_lines": 0}, "missing_lines": [211, 212, 215, 228, 229, 231, 234], "excluded_lines": []}, "SchemaConsistencyValidator._validate_point_in_time_columns": {"executed_lines": [], "summary": {"covered_lines": 0, "num_statements": 13, "percent_covered": 0.0, "percent_covered_display": "0", "missing_lines": 13, "excluded_lines": 0}, "missing_lines": [239, 240, 243, 244, 245, 248, 249, 250, 256, 257, 258, 259, 264], "excluded_lines": []}, "generate_training_schema_metadata": {"executed_lines": [279, 282, 283, 285, 291, 312, 313], "summary": {"covered_lines": 7, "num_statements": 9, "percent_covered": 77.77777777777777, "percent_covered_display": "78", "missing_lines": 2, "excluded_lines": 0}, "missing_lines": [288, 289], "excluded_lines": []}, "": {"executed_lines": [1, 2, 3, 4, 6, 10, 76, 103, 104, 109, 123, 156, 167, 187, 208, 236, 267], "summary": {"covered_lines": 16, "num_statements": 17, "percent_covered": 94.11764705882354, "percent_covered_display": "94", "missing_lines": 1, "excluded_lines": 0}, "missing_lines": [7], "excluded_lines": []}}, "classes": {"SchemaConsistencyValidator": {"executed_lines": [120, 121, 159, 160, 162, 165, 169, 170, 172, 173], "summary": {"covered_lines": 10, "num_statements": 54, "percent_covered": 18.51851851851852, "percent_covered_display": "19", "missing_lines": 44, "excluded_lines": 0}, "missing_lines": [138, 139, 142, 143, 146, 147, 150, 151, 153, 154, 163, 181, 182, 183, 185, 189, 191, 192, 193, 195, 196, 198, 199, 206, 211, 212, 215, 228, 229, 231, 234, 239, 240, 243, 244, 245, 248, 249, 250, 256, 257, 258, 259, 264], "excluded_lines": []}, "": {"executed_lines": [1, 2, 3, 4, 6, 10, 76, 87, 89, 91, 92, 95, 96, 97, 98, 100, 101, 103, 104, 109, 123, 156, 167, 187, 208, 236, 267, 279, 282, 283, 285, 291, 312, 313], "summary": {"covered_lines": 33, "num_statements": 69, "percent_covered": 47.82608695652174, "percent_covered_display": "48", "missing_lines": 36, "excluded_lines": 0}, "missing_lines": [7, 23, 26, 27, 29, 30, 32, 34, 35, 36, 39, 40, 43, 44, 49, 50, 53, 54, 55, 58, 59, 60, 61, 62, 63, 64, 65, 67, 68, 69, 70, 71, 73, 93, 288, 289], "excluded_lines": []}}}, "src/utils/system/sql_utils.py": {"executed_lines": [1, 6, 8, 9, 10, 12, 15, 17, 19, 20, 21, 22, 23, 25, 26, 31, 32, 34, 66, 90], "summary": {"covered_lines": 19, "num_statements": 64, "percent_covered": 29.6875, "percent_covered_display": "30", "missing_lines": 45, "excluded_lines": 0}, "missing_lines": [27, 40, 41, 43, 44, 45, 46, 47, 48, 49, 51, 52, 53, 54, 55, 56, 57, 59, 60, 62, 63, 73, 74, 77, 80, 82, 83, 85, 86, 87, 96, 97, 100, 102, 103, 104, 105, 106, 108, 109, 111, 112, 114, 115, 116], "excluded_lines": [], "functions": {"prevent_select_star": {"executed_lines": [17, 19, 20, 21, 22, 23, 25, 26, 31, 32], "summary": {"covered_lines": 10, "num_statements": 11, "percent_covered": 90.9090909090909, "percent_covered_display": "91", "missing_lines": 1, "excluded_lines": 0}, "missing_lines": [27], "excluded_lines": []}, "get_selected_columns": {"executed_lines": [], "summary": {"covered_lines": 0, "num_statements": 20, "percent_covered": 0.0, "percent_covered_display": "0", "missing_lines": 20, "excluded_lines": 0}, "missing_lines": [40, 41, 43, 44, 45, 46, 47, 48, 49, 51, 52, 53, 54, 55, 56, 57, 59, 60, 62, 63], "excluded_lines": []}, "parse_select_columns": {"executed_lines": [], "summary": {"covered_lines": 0, "num_statements": 9, "percent_covered": 0.0, "percent_covered_display": "0", "missing_lines": 9, "excluded_lines": 0}, "missing_lines": [73, 74, 77, 80, 82, 83, 85, 86, 87], "excluded_lines": []}, "parse_feature_columns": {"executed_lines": [], "summary": {"covered_lines": 0, "num_statements": 15, "percent_covered": 0.0, "percent_covered_display": "0", "missing_lines": 15, "excluded_lines": 0}, "missing_lines": [96, 97, 100, 102, 103, 104, 105, 106, 108, 109, 111, 112, 114, 115, 116], "excluded_lines": []}, "": {"executed_lines": [1, 6, 8, 9, 10, 12, 15, 34, 66, 90], "summary": {"covered_lines": 9, "num_statements": 9, "percent_covered": 100.0, "percent_covered_display": "100", "missing_lines": 0, "excluded_lines": 0}, "missing_lines": [], "excluded_lines": []}}, "classes": {"": {"executed_lines": [1, 6, 8, 9, 10, 12, 15, 17, 19, 20, 21, 22, 23, 25, 26, 31, 32, 34, 66, 90], "summary": {"covered_lines": 19, "num_statements": 64, "percent_covered": 29.6875, "percent_covered_display": "30", "missing_lines": 45, "excluded_lines": 0}, "missing_lines": [27, 40, 41, 43, 44, 45, 46, 47, 48, 49, 51, 52, 53, 54, 55, 56, 57, 59, 60, 62, 63, 73, 74, 77, 80, 82, 83, 85, 86, 87, 96, 97, 100, 102, 103, 104, 105, 106, 108, 109, 111, 112, 114, 115, 116], "excluded_lines": []}}}, "src/utils/system/templating_utils.py": {"executed_lines": [1, 2, 3, 4, 5, 6, 8, 11, 17, 20, 23, 24, 27, 34, 35, 38, 40, 41, 44, 50, 53, 56, 61, 62, 65, 67, 68, 71, 86, 87, 89, 90, 91, 97, 98, 99, 100, 104, 106, 107, 110, 122, 127, 128, 129, 130, 135, 138], "summary": {"covered_lines": 48, "num_statements": 56, "percent_covered": 85.71428571428571, "percent_covered_display": "86", "missing_lines": 8, "excluded_lines": 0}, "missing_lines": [9, 25, 101, 102, 148, 149, 151, 152], "excluded_lines": [], "functions": {"render_template_from_file": {"executed_lines": [17, 20, 23, 24, 27, 34, 35, 38, 40, 41], "summary": {"covered_lines": 10, "num_statements": 11, "percent_covered": 90.9090909090909, "percent_covered_display": "91", "missing_lines": 1, "excluded_lines": 0}, "missing_lines": [25], "excluded_lines": []}, "render_template_from_string": {"executed_lines": [50, 53, 56, 61, 62, 65, 67, 68], "summary": {"covered_lines": 8, "num_statements": 8, "percent_covered": 100.0, "percent_covered_display": "100", "missing_lines": 0, "excluded_lines": 0}, "missing_lines": [], "excluded_lines": []}, "_validate_context_params": {"executed_lines": [86, 87, 89, 90, 91, 97, 98, 99, 100, 104, 106, 107], "summary": {"covered_lines": 12, "num_statements": 14, "percent_covered": 85.71428571428571, "percent_covered_display": "86", "missing_lines": 2, "excluded_lines": 0}, "missing_lines": [101, 102], "excluded_lines": []}, "_validate_sql_safety": {"executed_lines": [122, 127, 128, 129, 130, 135], "summary": {"covered_lines": 6, "num_statements": 6, "percent_covered": 100.0, "percent_covered_display": "100", "missing_lines": 0, "excluded_lines": 0}, "missing_lines": [], "excluded_lines": []}, "is_jinja_template": {"executed_lines": [], "summary": {"covered_lines": 0, "num_statements": 4, "percent_covered": 0.0, "percent_covered_display": "0", "missing_lines": 4, "excluded_lines": 0}, "missing_lines": [148, 149, 151, 152], "excluded_lines": []}, "": {"executed_lines": [1, 2, 3, 4, 5, 6, 8, 11, 44, 71, 110, 138], "summary": {"covered_lines": 12, "num_statements": 13, "percent_covered": 92.3076923076923, "percent_covered_display": "92", "missing_lines": 1, "excluded_lines": 0}, "missing_lines": [9], "excluded_lines": []}}, "classes": {"": {"executed_lines": [1, 2, 3, 4, 5, 6, 8, 11, 17, 20, 23, 24, 27, 34, 35, 38, 40, 41, 44, 50, 53, 56, 61, 62, 65, 67, 68, 71, 86, 87, 89, 90, 91, 97, 98, 99, 100, 104, 106, 107, 110, 122, 127, 128, 129, 130, 135, 138], "summary": {"covered_lines": 48, "num_statements": 56, "percent_covered": 85.71428571428571, "percent_covered_display": "86", "missing_lines": 8, "excluded_lines": 0}, "missing_lines": [9, 25, 101, 102, 148, 149, 151, 152], "excluded_lines": []}}}}, "totals": {"covered_lines": 4125, "num_statements": 6345, "percent_covered": 65.01182033096927, "percent_covered_display": "65", "missing_lines": 2220, "excluded_lines": 0}}