{
  "execution_summary": {
    "timestamp": "2025-09-18T18:10:15.753651",
    "total_duration": "0.1m",
    "total_duration_seconds": 8.29180383682251,
    "total_tests": 0,
    "passed": 0,
    "failed": 0,
    "skipped": 0,
    "overall_error_rate": 0.0,
    "overall_skip_rate": 0.0,
    "final_coverage": 0.0
  },
  "phase_results": [
    {
      "phase_id": 1,
      "phase_name": "Phase 1: 빠른 단위 테스트",
      "groups": [
        {
          "group_id": 1,
          "group_name": "CLI 핵심 기능",
          "phase": 1,
          "paths": [
            "tests/unit/cli/"
          ],
          "command": "pytest tests/unit/cli/ -v --tb=short -n 2 --timeout=120 --maxfail=15 --cov=src --cov-report=html:htmlcov/group1 --cov-report=term-missing --cov-context=test.group1",
          "start_time": "2025-09-18T18:10:07.462018",
          "end_time": "2025-09-18T18:10:08.115050",
          "duration_seconds": 0.6530301570892334,
          "total_tests": 0,
          "passed": 0,
          "failed": 0,
          "skipped": 0,
          "error_rate": 0.0,
          "skip_rate": 0.0,
          "coverage_delta": null,
          "exit_code": 4,
          "stdout": "",
          "stderr": "ERROR: usage: pytest [options] [file_or_dir] [file_or_dir] [...]\npytest: error: argument --cov-context: The only supported value is \"test\".\n\n"
        },
        {
          "group_id": 2,
          "group_name": "CLI 유틸리티",
          "phase": 1,
          "paths": [
            "tests/unit/cli/utils/"
          ],
          "command": "pytest tests/unit/cli/utils/ -v --tb=short -n 2 --timeout=90 --maxfail=15 --cov=src --cov-report=html:htmlcov/group2 --cov-report=term-missing --cov-context=test.group2",
          "start_time": "2025-09-18T18:10:08.115451",
          "end_time": "2025-09-18T18:10:08.735786",
          "duration_seconds": 0.6203272342681885,
          "total_tests": 0,
          "passed": 0,
          "failed": 0,
          "skipped": 0,
          "error_rate": 0.0,
          "skip_rate": 0.0,
          "coverage_delta": null,
          "exit_code": 4,
          "stdout": "",
          "stderr": "ERROR: usage: pytest [options] [file_or_dir] [file_or_dir] [...]\npytest: error: argument --cov-context: The only supported value is \"test\".\n\n"
        },
        {
          "group_id": 3,
          "group_name": "설정 및 팩토리",
          "phase": 1,
          "paths": [
            "tests/unit/settings/",
            "tests/unit/factory/"
          ],
          "command": "pytest tests/unit/settings/ tests/unit/factory/ -v --tb=short -n 2 --timeout=120 --maxfail=15 --cov=src --cov-report=html:htmlcov/group3 --cov-report=term-missing --cov-context=test.group3",
          "start_time": "2025-09-18T18:10:08.736419",
          "end_time": "2025-09-18T18:10:09.206733",
          "duration_seconds": 0.4703099727630615,
          "total_tests": 0,
          "passed": 0,
          "failed": 0,
          "skipped": 0,
          "error_rate": 0.0,
          "skip_rate": 0.0,
          "coverage_delta": null,
          "exit_code": 4,
          "stdout": "",
          "stderr": "ERROR: usage: pytest [options] [file_or_dir] [file_or_dir] [...]\npytest: error: argument --cov-context: The only supported value is \"test\".\n\n"
        },
        {
          "group_id": 4,
          "group_name": "기본 어댑터 및 페처",
          "phase": 1,
          "paths": [
            "tests/unit/components/adapters/",
            "tests/unit/components/fetchers/"
          ],
          "command": "pytest tests/unit/components/adapters/ tests/unit/components/fetchers/ -v --tb=short -n 2 --timeout=90 --maxfail=15 --cov=src --cov-report=html:htmlcov/group4 --cov-report=term-missing --cov-context=test.group4",
          "start_time": "2025-09-18T18:10:09.207105",
          "end_time": "2025-09-18T18:10:09.705573",
          "duration_seconds": 0.49846315383911133,
          "total_tests": 0,
          "passed": 0,
          "failed": 0,
          "skipped": 0,
          "error_rate": 0.0,
          "skip_rate": 0.0,
          "coverage_delta": null,
          "exit_code": 4,
          "stdout": "",
          "stderr": "ERROR: usage: pytest [options] [file_or_dir] [file_or_dir] [...]\npytest: error: argument --cov-context: The only supported value is \"test\".\n\n"
        },
        {
          "group_id": 5,
          "group_name": "유틸리티 핵심",
          "phase": 1,
          "paths": [
            "tests/unit/utils/core/",
            "tests/unit/utils/data/"
          ],
          "command": "pytest tests/unit/utils/core/ tests/unit/utils/data/ -v --tb=short -n 2 --timeout=90 --maxfail=15 --cov=src --cov-report=html:htmlcov/group5 --cov-report=term-missing --cov-context=test.group5",
          "start_time": "2025-09-18T18:10:09.706059",
          "end_time": "2025-09-18T18:10:10.202547",
          "duration_seconds": 0.49648404121398926,
          "total_tests": 0,
          "passed": 0,
          "failed": 0,
          "skipped": 0,
          "error_rate": 0.0,
          "skip_rate": 0.0,
          "coverage_delta": null,
          "exit_code": 4,
          "stdout": "",
          "stderr": "ERROR: usage: pytest [options] [file_or_dir] [file_or_dir] [...]\npytest: error: argument --cov-context: The only supported value is \"test\".\n\n"
        }
      ],
      "total_duration": 2.7408499717712402,
      "total_tests": 0,
      "total_passed": 0,
      "total_failed": 0,
      "total_skipped": 0,
      "phase_error_rate": 0.0,
      "phase_skip_rate": 0.0
    },
    {
      "phase_id": 2,
      "phase_name": "Phase 2: 중간 단위 테스트",
      "groups": [
        {
          "group_id": 6,
          "group_name": "전처리 컴포넌트",
          "phase": 2,
          "paths": [
            "tests/unit/components/preprocessor/"
          ],
          "command": "pytest tests/unit/components/preprocessor/ -v --tb=short -n 2 --timeout=180 --maxfail=10 --cov=src --cov-report=html:htmlcov/group6 --cov-report=term-missing --cov-context=test.group6",
          "start_time": "2025-09-18T18:10:10.204052",
          "end_time": "2025-09-18T18:10:10.702749",
          "duration_seconds": 0.49869203567504883,
          "total_tests": 0,
          "passed": 0,
          "failed": 0,
          "skipped": 0,
          "error_rate": 0.0,
          "skip_rate": 0.0,
          "coverage_delta": null,
          "exit_code": 4,
          "stdout": "",
          "stderr": "ERROR: usage: pytest [options] [file_or_dir] [file_or_dir] [...]\npytest: error: argument --cov-context: The only supported value is \"test\".\n\n"
        },
        {
          "group_id": 7,
          "group_name": "데이터 핸들러",
          "phase": 2,
          "paths": [
            "tests/unit/components/datahandlers/"
          ],
          "command": "pytest tests/unit/components/datahandlers/ -v --tb=short -n 2 --timeout=120 --maxfail=10 --cov=src --cov-report=html:htmlcov/group7 --cov-report=term-missing --cov-context=test.group7",
          "start_time": "2025-09-18T18:10:10.703137",
          "end_time": "2025-09-18T18:10:11.209320",
          "duration_seconds": 0.5061790943145752,
          "total_tests": 0,
          "passed": 0,
          "failed": 0,
          "skipped": 0,
          "error_rate": 0.0,
          "skip_rate": 0.0,
          "coverage_delta": null,
          "exit_code": 4,
          "stdout": "",
          "stderr": "ERROR: usage: pytest [options] [file_or_dir] [file_or_dir] [...]\npytest: error: argument --cov-context: The only supported value is \"test\".\n\n"
        },
        {
          "group_id": 8,
          "group_name": "모델 컴포넌트",
          "phase": 2,
          "paths": [
            "tests/unit/components/models/",
            "tests/unit/models/custom/"
          ],
          "command": "pytest tests/unit/components/models/ tests/unit/models/custom/ -v --tb=short -n 1 --timeout=300 --maxfail=10 --cov=src --cov-report=html:htmlcov/group8 --cov-report=term-missing --cov-context=test.group8",
          "start_time": "2025-09-18T18:10:11.209878",
          "end_time": "2025-09-18T18:10:11.688298",
          "duration_seconds": 0.47841501235961914,
          "total_tests": 0,
          "passed": 0,
          "failed": 0,
          "skipped": 0,
          "error_rate": 0.0,
          "skip_rate": 0.0,
          "coverage_delta": null,
          "exit_code": 4,
          "stdout": "",
          "stderr": "ERROR: usage: pytest [options] [file_or_dir] [file_or_dir] [...]\npytest: error: argument --cov-context: The only supported value is \"test\".\n\n"
        },
        {
          "group_id": 9,
          "group_name": "평가자 및 캘리브레이션",
          "phase": 2,
          "paths": [
            "tests/unit/components/evaluators/",
            "tests/unit/components/calibration/"
          ],
          "command": "pytest tests/unit/components/evaluators/ tests/unit/components/calibration/ -v --tb=short -n 2 --timeout=150 --maxfail=10 --cov=src --cov-report=html:htmlcov/group9 --cov-report=term-missing --cov-context=test.group9",
          "start_time": "2025-09-18T18:10:11.688873",
          "end_time": "2025-09-18T18:10:12.184789",
          "duration_seconds": 0.4959120750427246,
          "total_tests": 0,
          "passed": 0,
          "failed": 0,
          "skipped": 0,
          "error_rate": 0.0,
          "skip_rate": 0.0,
          "coverage_delta": null,
          "exit_code": 4,
          "stdout": "",
          "stderr": "ERROR: usage: pytest [options] [file_or_dir] [file_or_dir] [...]\npytest: error: argument --cov-context: The only supported value is \"test\".\n\n"
        },
        {
          "group_id": 10,
          "group_name": "트레이너 및 최적화",
          "phase": 2,
          "paths": [
            "tests/unit/components/trainer/"
          ],
          "command": "pytest tests/unit/components/trainer/ -v --tb=short -n 1 --timeout=120 --maxfail=10 --cov=src --cov-report=html:htmlcov/group10 --cov-report=term-missing --cov-context=test.group10",
          "start_time": "2025-09-18T18:10:12.185259",
          "end_time": "2025-09-18T18:10:12.646248",
          "duration_seconds": 0.4609861373901367,
          "total_tests": 0,
          "passed": 0,
          "failed": 0,
          "skipped": 0,
          "error_rate": 0.0,
          "skip_rate": 0.0,
          "coverage_delta": null,
          "exit_code": 4,
          "stdout": "",
          "stderr": "ERROR: usage: pytest [options] [file_or_dir] [file_or_dir] [...]\npytest: error: argument --cov-context: The only supported value is \"test\".\n\n"
        },
        {
          "group_id": 11,
          "group_name": "파이프라인",
          "phase": 2,
          "paths": [
            "tests/unit/pipelines/"
          ],
          "command": "pytest tests/unit/pipelines/ -v --tb=short -n 1 --timeout=300 --maxfail=10 --cov=src --cov-report=html:htmlcov/group11 --cov-report=term-missing --cov-context=test.group11",
          "start_time": "2025-09-18T18:10:12.646603",
          "end_time": "2025-09-18T18:10:13.159277",
          "duration_seconds": 0.5126688480377197,
          "total_tests": 0,
          "passed": 0,
          "failed": 0,
          "skipped": 0,
          "error_rate": 0.0,
          "skip_rate": 0.0,
          "coverage_delta": null,
          "exit_code": 4,
          "stdout": "",
          "stderr": "ERROR: usage: pytest [options] [file_or_dir] [file_or_dir] [...]\npytest: error: argument --cov-context: The only supported value is \"test\".\n\n"
        },
        {
          "group_id": 12,
          "group_name": "서빙",
          "phase": 2,
          "paths": [
            "tests/unit/serving/"
          ],
          "command": "pytest tests/unit/serving/ -v --tb=short -n 2 --timeout=150 --maxfail=10 --cov=src --cov-report=html:htmlcov/group12 --cov-report=term-missing --cov-context=test.group12",
          "start_time": "2025-09-18T18:10:13.159642",
          "end_time": "2025-09-18T18:10:13.698632",
          "duration_seconds": 0.5389871597290039,
          "total_tests": 0,
          "passed": 0,
          "failed": 0,
          "skipped": 0,
          "error_rate": 0.0,
          "skip_rate": 0.0,
          "coverage_delta": null,
          "exit_code": 4,
          "stdout": "",
          "stderr": "ERROR: usage: pytest [options] [file_or_dir] [file_or_dir] [...]\npytest: error: argument --cov-context: The only supported value is \"test\".\n\n"
        },
        {
          "group_id": 13,
          "group_name": "유틸리티 통합",
          "phase": 2,
          "paths": [
            "tests/unit/utils/integrations/",
            "tests/unit/utils/mlflow/",
            "tests/unit/utils/system/",
            "tests/unit/utils/template/",
            "tests/unit/utils/deps/",
            "tests/unit/utils/database/"
          ],
          "command": "pytest tests/unit/utils/integrations/ tests/unit/utils/mlflow/ tests/unit/utils/system/ tests/unit/utils/template/ tests/unit/utils/deps/ tests/unit/utils/database/ -v --tb=short -n 1 --timeout=240 --maxfail=10 --cov=src --cov-report=html:htmlcov/group13 --cov-report=term-missing --cov-context=test.group13",
          "start_time": "2025-09-18T18:10:13.699101",
          "end_time": "2025-09-18T18:10:14.257923",
          "duration_seconds": 0.558819055557251,
          "total_tests": 0,
          "passed": 0,
          "failed": 0,
          "skipped": 0,
          "error_rate": 0.0,
          "skip_rate": 0.0,
          "coverage_delta": null,
          "exit_code": 4,
          "stdout": "",
          "stderr": "ERROR: usage: pytest [options] [file_or_dir] [file_or_dir] [...]\npytest: error: argument --cov-context: The only supported value is \"test\".\n\n"
        }
      ],
      "total_duration": 4.054203033447266,
      "total_tests": 0,
      "total_passed": 0,
      "total_failed": 0,
      "total_skipped": 0,
      "phase_error_rate": 0.0,
      "phase_skip_rate": 0.0
    },
    {
      "phase_id": 3,
      "phase_name": "Phase 3: 통합 및 E2E 테스트",
      "groups": [
        {
          "group_id": 14,
          "group_name": "데이터베이스 및 MLFlow 통합",
          "phase": 3,
          "paths": [
            "tests/integration/test_database_integration.py",
            "tests/integration/test_mlflow_integration.py",
            "tests/integration/test_settings_integration.py"
          ],
          "command": "pytest tests/integration/test_database_integration.py tests/integration/test_mlflow_integration.py tests/integration/test_settings_integration.py -v --tb=short -n 1 --timeout=600 -x --maxfail=2 --cov=src --cov-report=html:htmlcov/group14 --cov-report=term-missing --cov-context=test.group14",
          "start_time": "2025-09-18T18:10:14.260308",
          "end_time": "2025-09-18T18:10:14.742145",
          "duration_seconds": 0.48183417320251465,
          "total_tests": 0,
          "passed": 0,
          "failed": 0,
          "skipped": 0,
          "error_rate": 0.0,
          "skip_rate": 0.0,
          "coverage_delta": null,
          "exit_code": 4,
          "stdout": "",
          "stderr": "ERROR: usage: pytest [options] [file_or_dir] [file_or_dir] [...]\npytest: error: argument --cov-context: The only supported value is \"test\".\n\n"
        },
        {
          "group_id": 15,
          "group_name": "컴포넌트 상호작용 및 오류 전파",
          "phase": 3,
          "paths": [
            "tests/integration/test_component_interactions.py",
            "tests/integration/test_error_propagation.py",
            "tests/integration/test_integration_completeness.py",
            "tests/integration/test_production_readiness.py"
          ],
          "command": "pytest tests/integration/test_component_interactions.py tests/integration/test_error_propagation.py tests/integration/test_integration_completeness.py tests/integration/test_production_readiness.py -v --tb=short -n 1 --timeout=800 -x --maxfail=2 --cov=src --cov-report=html:htmlcov/group15 --cov-report=term-missing --cov-context=test.group15",
          "start_time": "2025-09-18T18:10:14.742578",
          "end_time": "2025-09-18T18:10:15.274053",
          "duration_seconds": 0.5314700603485107,
          "total_tests": 0,
          "passed": 0,
          "failed": 0,
          "skipped": 0,
          "error_rate": 0.0,
          "skip_rate": 0.0,
          "coverage_delta": null,
          "exit_code": 4,
          "stdout": "",
          "stderr": "ERROR: usage: pytest [options] [file_or_dir] [file_or_dir] [...]\npytest: error: argument --cov-context: The only supported value is \"test\".\n\n"
        },
        {
          "group_id": 16,
          "group_name": "파이프라인 통합 및 서빙",
          "phase": 3,
          "paths": [
            "tests/integration/test_cli_pipeline_integration.py",
            "tests/integration/test_inference_pipeline_integration.py",
            "tests/integration/test_pipeline_orchestration.py",
            "tests/integration/test_preprocessor_pipeline_integration.py",
            "tests/e2e/"
          ],
          "command": "pytest tests/integration/test_cli_pipeline_integration.py tests/integration/test_inference_pipeline_integration.py tests/integration/test_pipeline_orchestration.py tests/integration/test_preprocessor_pipeline_integration.py tests/e2e/ -v --tb=short -n 1 --timeout=1200 -x --maxfail=2 --cov=src --cov-report=html:htmlcov/group16 --cov-report=term-missing --cov-context=test.group16",
          "start_time": "2025-09-18T18:10:15.275026",
          "end_time": "2025-09-18T18:10:15.751611",
          "duration_seconds": 0.4765660762786865,
          "total_tests": 0,
          "passed": 0,
          "failed": 0,
          "skipped": 0,
          "error_rate": 0.0,
          "skip_rate": 0.0,
          "coverage_delta": null,
          "exit_code": 4,
          "stdout": "",
          "stderr": "ERROR: usage: pytest [options] [file_or_dir] [file_or_dir] [...]\npytest: error: argument --cov-context: The only supported value is \"test\".\n\n"
        }
      ],
      "total_duration": 1.4918301105499268,
      "total_tests": 0,
      "total_passed": 0,
      "total_failed": 0,
      "total_skipped": 0,
      "phase_error_rate": 0.0,
      "phase_skip_rate": 0.0
    }
  ],
  "group_results": [
    {
      "group_id": 1,
      "group_name": "CLI 핵심 기능",
      "phase": 1,
      "paths": [
        "tests/unit/cli/"
      ],
      "command": "pytest tests/unit/cli/ -v --tb=short -n 2 --timeout=120 --maxfail=15 --cov=src --cov-report=html:htmlcov/group1 --cov-report=term-missing --cov-context=test.group1",
      "start_time": "2025-09-18T18:10:07.462018",
      "end_time": "2025-09-18T18:10:08.115050",
      "duration_seconds": 0.6530301570892334,
      "total_tests": 0,
      "passed": 0,
      "failed": 0,
      "skipped": 0,
      "error_rate": 0.0,
      "skip_rate": 0.0,
      "coverage_delta": null,
      "exit_code": 4,
      "stdout": "",
      "stderr": "ERROR: usage: pytest [options] [file_or_dir] [file_or_dir] [...]\npytest: error: argument --cov-context: The only supported value is \"test\".\n\n"
    },
    {
      "group_id": 2,
      "group_name": "CLI 유틸리티",
      "phase": 1,
      "paths": [
        "tests/unit/cli/utils/"
      ],
      "command": "pytest tests/unit/cli/utils/ -v --tb=short -n 2 --timeout=90 --maxfail=15 --cov=src --cov-report=html:htmlcov/group2 --cov-report=term-missing --cov-context=test.group2",
      "start_time": "2025-09-18T18:10:08.115451",
      "end_time": "2025-09-18T18:10:08.735786",
      "duration_seconds": 0.6203272342681885,
      "total_tests": 0,
      "passed": 0,
      "failed": 0,
      "skipped": 0,
      "error_rate": 0.0,
      "skip_rate": 0.0,
      "coverage_delta": null,
      "exit_code": 4,
      "stdout": "",
      "stderr": "ERROR: usage: pytest [options] [file_or_dir] [file_or_dir] [...]\npytest: error: argument --cov-context: The only supported value is \"test\".\n\n"
    },
    {
      "group_id": 3,
      "group_name": "설정 및 팩토리",
      "phase": 1,
      "paths": [
        "tests/unit/settings/",
        "tests/unit/factory/"
      ],
      "command": "pytest tests/unit/settings/ tests/unit/factory/ -v --tb=short -n 2 --timeout=120 --maxfail=15 --cov=src --cov-report=html:htmlcov/group3 --cov-report=term-missing --cov-context=test.group3",
      "start_time": "2025-09-18T18:10:08.736419",
      "end_time": "2025-09-18T18:10:09.206733",
      "duration_seconds": 0.4703099727630615,
      "total_tests": 0,
      "passed": 0,
      "failed": 0,
      "skipped": 0,
      "error_rate": 0.0,
      "skip_rate": 0.0,
      "coverage_delta": null,
      "exit_code": 4,
      "stdout": "",
      "stderr": "ERROR: usage: pytest [options] [file_or_dir] [file_or_dir] [...]\npytest: error: argument --cov-context: The only supported value is \"test\".\n\n"
    },
    {
      "group_id": 4,
      "group_name": "기본 어댑터 및 페처",
      "phase": 1,
      "paths": [
        "tests/unit/components/adapters/",
        "tests/unit/components/fetchers/"
      ],
      "command": "pytest tests/unit/components/adapters/ tests/unit/components/fetchers/ -v --tb=short -n 2 --timeout=90 --maxfail=15 --cov=src --cov-report=html:htmlcov/group4 --cov-report=term-missing --cov-context=test.group4",
      "start_time": "2025-09-18T18:10:09.207105",
      "end_time": "2025-09-18T18:10:09.705573",
      "duration_seconds": 0.49846315383911133,
      "total_tests": 0,
      "passed": 0,
      "failed": 0,
      "skipped": 0,
      "error_rate": 0.0,
      "skip_rate": 0.0,
      "coverage_delta": null,
      "exit_code": 4,
      "stdout": "",
      "stderr": "ERROR: usage: pytest [options] [file_or_dir] [file_or_dir] [...]\npytest: error: argument --cov-context: The only supported value is \"test\".\n\n"
    },
    {
      "group_id": 5,
      "group_name": "유틸리티 핵심",
      "phase": 1,
      "paths": [
        "tests/unit/utils/core/",
        "tests/unit/utils/data/"
      ],
      "command": "pytest tests/unit/utils/core/ tests/unit/utils/data/ -v --tb=short -n 2 --timeout=90 --maxfail=15 --cov=src --cov-report=html:htmlcov/group5 --cov-report=term-missing --cov-context=test.group5",
      "start_time": "2025-09-18T18:10:09.706059",
      "end_time": "2025-09-18T18:10:10.202547",
      "duration_seconds": 0.49648404121398926,
      "total_tests": 0,
      "passed": 0,
      "failed": 0,
      "skipped": 0,
      "error_rate": 0.0,
      "skip_rate": 0.0,
      "coverage_delta": null,
      "exit_code": 4,
      "stdout": "",
      "stderr": "ERROR: usage: pytest [options] [file_or_dir] [file_or_dir] [...]\npytest: error: argument --cov-context: The only supported value is \"test\".\n\n"
    },
    {
      "group_id": 6,
      "group_name": "전처리 컴포넌트",
      "phase": 2,
      "paths": [
        "tests/unit/components/preprocessor/"
      ],
      "command": "pytest tests/unit/components/preprocessor/ -v --tb=short -n 2 --timeout=180 --maxfail=10 --cov=src --cov-report=html:htmlcov/group6 --cov-report=term-missing --cov-context=test.group6",
      "start_time": "2025-09-18T18:10:10.204052",
      "end_time": "2025-09-18T18:10:10.702749",
      "duration_seconds": 0.49869203567504883,
      "total_tests": 0,
      "passed": 0,
      "failed": 0,
      "skipped": 0,
      "error_rate": 0.0,
      "skip_rate": 0.0,
      "coverage_delta": null,
      "exit_code": 4,
      "stdout": "",
      "stderr": "ERROR: usage: pytest [options] [file_or_dir] [file_or_dir] [...]\npytest: error: argument --cov-context: The only supported value is \"test\".\n\n"
    },
    {
      "group_id": 7,
      "group_name": "데이터 핸들러",
      "phase": 2,
      "paths": [
        "tests/unit/components/datahandlers/"
      ],
      "command": "pytest tests/unit/components/datahandlers/ -v --tb=short -n 2 --timeout=120 --maxfail=10 --cov=src --cov-report=html:htmlcov/group7 --cov-report=term-missing --cov-context=test.group7",
      "start_time": "2025-09-18T18:10:10.703137",
      "end_time": "2025-09-18T18:10:11.209320",
      "duration_seconds": 0.5061790943145752,
      "total_tests": 0,
      "passed": 0,
      "failed": 0,
      "skipped": 0,
      "error_rate": 0.0,
      "skip_rate": 0.0,
      "coverage_delta": null,
      "exit_code": 4,
      "stdout": "",
      "stderr": "ERROR: usage: pytest [options] [file_or_dir] [file_or_dir] [...]\npytest: error: argument --cov-context: The only supported value is \"test\".\n\n"
    },
    {
      "group_id": 8,
      "group_name": "모델 컴포넌트",
      "phase": 2,
      "paths": [
        "tests/unit/components/models/",
        "tests/unit/models/custom/"
      ],
      "command": "pytest tests/unit/components/models/ tests/unit/models/custom/ -v --tb=short -n 1 --timeout=300 --maxfail=10 --cov=src --cov-report=html:htmlcov/group8 --cov-report=term-missing --cov-context=test.group8",
      "start_time": "2025-09-18T18:10:11.209878",
      "end_time": "2025-09-18T18:10:11.688298",
      "duration_seconds": 0.47841501235961914,
      "total_tests": 0,
      "passed": 0,
      "failed": 0,
      "skipped": 0,
      "error_rate": 0.0,
      "skip_rate": 0.0,
      "coverage_delta": null,
      "exit_code": 4,
      "stdout": "",
      "stderr": "ERROR: usage: pytest [options] [file_or_dir] [file_or_dir] [...]\npytest: error: argument --cov-context: The only supported value is \"test\".\n\n"
    },
    {
      "group_id": 9,
      "group_name": "평가자 및 캘리브레이션",
      "phase": 2,
      "paths": [
        "tests/unit/components/evaluators/",
        "tests/unit/components/calibration/"
      ],
      "command": "pytest tests/unit/components/evaluators/ tests/unit/components/calibration/ -v --tb=short -n 2 --timeout=150 --maxfail=10 --cov=src --cov-report=html:htmlcov/group9 --cov-report=term-missing --cov-context=test.group9",
      "start_time": "2025-09-18T18:10:11.688873",
      "end_time": "2025-09-18T18:10:12.184789",
      "duration_seconds": 0.4959120750427246,
      "total_tests": 0,
      "passed": 0,
      "failed": 0,
      "skipped": 0,
      "error_rate": 0.0,
      "skip_rate": 0.0,
      "coverage_delta": null,
      "exit_code": 4,
      "stdout": "",
      "stderr": "ERROR: usage: pytest [options] [file_or_dir] [file_or_dir] [...]\npytest: error: argument --cov-context: The only supported value is \"test\".\n\n"
    },
    {
      "group_id": 10,
      "group_name": "트레이너 및 최적화",
      "phase": 2,
      "paths": [
        "tests/unit/components/trainer/"
      ],
      "command": "pytest tests/unit/components/trainer/ -v --tb=short -n 1 --timeout=120 --maxfail=10 --cov=src --cov-report=html:htmlcov/group10 --cov-report=term-missing --cov-context=test.group10",
      "start_time": "2025-09-18T18:10:12.185259",
      "end_time": "2025-09-18T18:10:12.646248",
      "duration_seconds": 0.4609861373901367,
      "total_tests": 0,
      "passed": 0,
      "failed": 0,
      "skipped": 0,
      "error_rate": 0.0,
      "skip_rate": 0.0,
      "coverage_delta": null,
      "exit_code": 4,
      "stdout": "",
      "stderr": "ERROR: usage: pytest [options] [file_or_dir] [file_or_dir] [...]\npytest: error: argument --cov-context: The only supported value is \"test\".\n\n"
    },
    {
      "group_id": 11,
      "group_name": "파이프라인",
      "phase": 2,
      "paths": [
        "tests/unit/pipelines/"
      ],
      "command": "pytest tests/unit/pipelines/ -v --tb=short -n 1 --timeout=300 --maxfail=10 --cov=src --cov-report=html:htmlcov/group11 --cov-report=term-missing --cov-context=test.group11",
      "start_time": "2025-09-18T18:10:12.646603",
      "end_time": "2025-09-18T18:10:13.159277",
      "duration_seconds": 0.5126688480377197,
      "total_tests": 0,
      "passed": 0,
      "failed": 0,
      "skipped": 0,
      "error_rate": 0.0,
      "skip_rate": 0.0,
      "coverage_delta": null,
      "exit_code": 4,
      "stdout": "",
      "stderr": "ERROR: usage: pytest [options] [file_or_dir] [file_or_dir] [...]\npytest: error: argument --cov-context: The only supported value is \"test\".\n\n"
    },
    {
      "group_id": 12,
      "group_name": "서빙",
      "phase": 2,
      "paths": [
        "tests/unit/serving/"
      ],
      "command": "pytest tests/unit/serving/ -v --tb=short -n 2 --timeout=150 --maxfail=10 --cov=src --cov-report=html:htmlcov/group12 --cov-report=term-missing --cov-context=test.group12",
      "start_time": "2025-09-18T18:10:13.159642",
      "end_time": "2025-09-18T18:10:13.698632",
      "duration_seconds": 0.5389871597290039,
      "total_tests": 0,
      "passed": 0,
      "failed": 0,
      "skipped": 0,
      "error_rate": 0.0,
      "skip_rate": 0.0,
      "coverage_delta": null,
      "exit_code": 4,
      "stdout": "",
      "stderr": "ERROR: usage: pytest [options] [file_or_dir] [file_or_dir] [...]\npytest: error: argument --cov-context: The only supported value is \"test\".\n\n"
    },
    {
      "group_id": 13,
      "group_name": "유틸리티 통합",
      "phase": 2,
      "paths": [
        "tests/unit/utils/integrations/",
        "tests/unit/utils/mlflow/",
        "tests/unit/utils/system/",
        "tests/unit/utils/template/",
        "tests/unit/utils/deps/",
        "tests/unit/utils/database/"
      ],
      "command": "pytest tests/unit/utils/integrations/ tests/unit/utils/mlflow/ tests/unit/utils/system/ tests/unit/utils/template/ tests/unit/utils/deps/ tests/unit/utils/database/ -v --tb=short -n 1 --timeout=240 --maxfail=10 --cov=src --cov-report=html:htmlcov/group13 --cov-report=term-missing --cov-context=test.group13",
      "start_time": "2025-09-18T18:10:13.699101",
      "end_time": "2025-09-18T18:10:14.257923",
      "duration_seconds": 0.558819055557251,
      "total_tests": 0,
      "passed": 0,
      "failed": 0,
      "skipped": 0,
      "error_rate": 0.0,
      "skip_rate": 0.0,
      "coverage_delta": null,
      "exit_code": 4,
      "stdout": "",
      "stderr": "ERROR: usage: pytest [options] [file_or_dir] [file_or_dir] [...]\npytest: error: argument --cov-context: The only supported value is \"test\".\n\n"
    },
    {
      "group_id": 14,
      "group_name": "데이터베이스 및 MLFlow 통합",
      "phase": 3,
      "paths": [
        "tests/integration/test_database_integration.py",
        "tests/integration/test_mlflow_integration.py",
        "tests/integration/test_settings_integration.py"
      ],
      "command": "pytest tests/integration/test_database_integration.py tests/integration/test_mlflow_integration.py tests/integration/test_settings_integration.py -v --tb=short -n 1 --timeout=600 -x --maxfail=2 --cov=src --cov-report=html:htmlcov/group14 --cov-report=term-missing --cov-context=test.group14",
      "start_time": "2025-09-18T18:10:14.260308",
      "end_time": "2025-09-18T18:10:14.742145",
      "duration_seconds": 0.48183417320251465,
      "total_tests": 0,
      "passed": 0,
      "failed": 0,
      "skipped": 0,
      "error_rate": 0.0,
      "skip_rate": 0.0,
      "coverage_delta": null,
      "exit_code": 4,
      "stdout": "",
      "stderr": "ERROR: usage: pytest [options] [file_or_dir] [file_or_dir] [...]\npytest: error: argument --cov-context: The only supported value is \"test\".\n\n"
    },
    {
      "group_id": 15,
      "group_name": "컴포넌트 상호작용 및 오류 전파",
      "phase": 3,
      "paths": [
        "tests/integration/test_component_interactions.py",
        "tests/integration/test_error_propagation.py",
        "tests/integration/test_integration_completeness.py",
        "tests/integration/test_production_readiness.py"
      ],
      "command": "pytest tests/integration/test_component_interactions.py tests/integration/test_error_propagation.py tests/integration/test_integration_completeness.py tests/integration/test_production_readiness.py -v --tb=short -n 1 --timeout=800 -x --maxfail=2 --cov=src --cov-report=html:htmlcov/group15 --cov-report=term-missing --cov-context=test.group15",
      "start_time": "2025-09-18T18:10:14.742578",
      "end_time": "2025-09-18T18:10:15.274053",
      "duration_seconds": 0.5314700603485107,
      "total_tests": 0,
      "passed": 0,
      "failed": 0,
      "skipped": 0,
      "error_rate": 0.0,
      "skip_rate": 0.0,
      "coverage_delta": null,
      "exit_code": 4,
      "stdout": "",
      "stderr": "ERROR: usage: pytest [options] [file_or_dir] [file_or_dir] [...]\npytest: error: argument --cov-context: The only supported value is \"test\".\n\n"
    },
    {
      "group_id": 16,
      "group_name": "파이프라인 통합 및 서빙",
      "phase": 3,
      "paths": [
        "tests/integration/test_cli_pipeline_integration.py",
        "tests/integration/test_inference_pipeline_integration.py",
        "tests/integration/test_pipeline_orchestration.py",
        "tests/integration/test_preprocessor_pipeline_integration.py",
        "tests/e2e/"
      ],
      "command": "pytest tests/integration/test_cli_pipeline_integration.py tests/integration/test_inference_pipeline_integration.py tests/integration/test_pipeline_orchestration.py tests/integration/test_preprocessor_pipeline_integration.py tests/e2e/ -v --tb=short -n 1 --timeout=1200 -x --maxfail=2 --cov=src --cov-report=html:htmlcov/group16 --cov-report=term-missing --cov-context=test.group16",
      "start_time": "2025-09-18T18:10:15.275026",
      "end_time": "2025-09-18T18:10:15.751611",
      "duration_seconds": 0.4765660762786865,
      "total_tests": 0,
      "passed": 0,
      "failed": 0,
      "skipped": 0,
      "error_rate": 0.0,
      "skip_rate": 0.0,
      "coverage_delta": null,
      "exit_code": 4,
      "stdout": "",
      "stderr": "ERROR: usage: pytest [options] [file_or_dir] [file_or_dir] [...]\npytest: error: argument --cov-context: The only supported value is \"test\".\n\n"
    }
  ],
  "coverage_progression": [],
  "performance_metrics": {
    "fastest_group": "트레이너 및 최적화",
    "fastest_duration": 0.4609861373901367,
    "slowest_group": "CLI 핵심 기능",
    "slowest_duration": 0.6530301570892334,
    "average_test_time": 0.5174465179443359,
    "total_groups_executed": 16
  }
}